#
# There is insufficient memory for the Java Runtime Environment to continue.
# Native memory allocation (mmap) failed to map 325058560 bytes for Failed to commit area from 0x00000006ca200000 to 0x00000006dd800000 of length 325058560.
# Possible reasons:
#   The system is out of physical RAM or swap space
#   The process is running with CompressedOops enabled, and the Java Heap may be blocking the growth of the native heap
# Possible solutions:
#   Reduce memory load on the system
#   Increase physical memory or swap space
#   Check if swap backing store is full
#   Decrease Java heap size (-Xmx/-Xms)
#   Decrease number of Java threads
#   Decrease Java thread stack sizes (-Xss)
#   Set larger code cache with -XX:ReservedCodeCacheSize=
# This output file may be truncated or incomplete.
#
#  Out of Memory Error (./open/src/hotspot/os/windows/os_windows.cpp:3273), pid=138464, tid=51388
#
# JRE version:  (11.0.10+8) (build )
# Java VM: Java HotSpot(TM) 64-Bit Server VM (11.0.10+8-LTS-162, mixed mode, sharing, tiered, compressed oops, g1 gc, windows-amd64)
# No core dump will be written. Minidumps are not enabled by default on client versions of Windows
#

---------------  S U M M A R Y ------------

Command Line: -ea -Didea.test.cyclic.buffer.size=1048576 -javaagent:C:\Program Files\JetBrains\IntelliJ IDEA Community Edition 2021.2.3\lib\idea_rt.jar=54181:C:\Program Files\JetBrains\IntelliJ IDEA Community Edition 2021.2.3\bin -Dfile.encoding=UTF-8 com.intellij.rt.junit.JUnitStarter -ideVersion5 -junit5 com.wmm.api.tags.infrastructure.adapters.ouput.mongodb.TagOutputAdapterTest

Host: AMD Ryzen 7 4700U with Radeon Graphics         , 8 cores, 19G,  Windows 10 , 64 bit Build 22000 (10.0.22000.708)
Time: Tue Jul 19 16:55:10 2022 Hora est. Pacífico, Sudamérica elapsed time: 0.310916 seconds (0d 0h 0m 0s)

---------------  T H R E A D  ---------------

Current thread (0x0000017676f9c800):  JavaThread "Unknown thread" [_thread_in_vm, id=51388, stack(0x0000005fe2b00000,0x0000005fe2c00000)]

Stack: [0x0000005fe2b00000,0x0000005fe2c00000]
Native frames: (J=compiled Java code, j=interpreted, Vv=VM code, C=native code)
V  [jvm.dll+0x613e6a]
V  [jvm.dll+0x74c1ff]
V  [jvm.dll+0x74d885]
V  [jvm.dll+0x74df03]
V  [jvm.dll+0x243b78]
V  [jvm.dll+0x61125a]
V  [jvm.dll+0x606165]
V  [jvm.dll+0x2f85fc]
V  [jvm.dll+0x2f8482]
V  [jvm.dll+0x2fd136]
V  [jvm.dll+0x33f6bf]
V  [jvm.dll+0x33f0f0]
V  [jvm.dll+0x2d5d08]
V  [jvm.dll+0x2d6e66]
V  [jvm.dll+0x727d17]
V  [jvm.dll+0x7295bf]
V  [jvm.dll+0x34c4a9]
V  [jvm.dll+0x70d6b0]
V  [jvm.dll+0x3b584f]
V  [jvm.dll+0x3b7951]
C  [jli.dll+0x520b]
C  [ucrtbase.dll+0x26c0c]
C  [KERNEL32.DLL+0x154e0]
C  [ntdll.dll+0x485b]


---------------  P R O C E S S  ---------------

Threads class SMR info:
_java_thread_list=0x0000017674dad190, length=0, elements={
}

Java Threads: ( => current thread )

Other Threads:
  0x0000017676fb2800 GCTaskThread "GC Thread#0" [stack: 0x0000005fe2c00000,0x0000005fe2d00000] [id=140360]
  0x000001767701f800 ConcurrentGCThread "G1 Main Marker" [stack: 0x0000005fe2d00000,0x0000005fe2e00000] [id=140604]
  0x0000017674e7d000 ConcurrentGCThread "G1 Conc#0" [stack: 0x0000005fe2e00000,0x0000005fe2f00000] [id=139172]

[error occurred during error reporting (printing all threads), id 0xc0000005, EXCEPTION_ACCESS_VIOLATION (0xc0000005) at pc=0x00007ff973c14f57]

VM state:not at safepoint (not fully initialized)

VM Mutex/Monitor currently owned by a thread:  ([mutex/lock_event])
[0x0000017676f974f0] Heap_lock - owner thread: 0x0000017676f9c800

Heap address: 0x00000006ca200000, size: 4958 MB, Compressed Oops mode: Non-zero based: 0x00000006ca200000
Narrow klass base: 0x0000000000000000, Narrow klass shift: 0

GC Heap History (0 events):
No events

Deoptimization events (0 events):
No events

Classes redefined (0 events):
No events

Internal exceptions (0 events):
No events

Events (0 events):
No events


Dynamic libraries:
0x00007ff783070000 - 0x00007ff78307f000 	C:\Program Files\Java\jdk-11.0.10\bin\java.exe
0x00007ffa0c740000 - 0x00007ffa0c949000 	C:\WINDOWS\SYSTEM32\ntdll.dll
0x00007ff9e0040000 - 0x00007ff9e0056000 	C:\Program Files\Avast Software\Avast\aswhook.dll
0x00007ffa0b6d0000 - 0x00007ffa0b78d000 	C:\WINDOWS\System32\KERNEL32.DLL
0x00007ffa09d70000 - 0x00007ffa0a0e9000 	C:\WINDOWS\System32\KERNELBASE.dll
0x00007ffa09c50000 - 0x00007ffa09d61000 	C:\WINDOWS\System32\ucrtbase.dll
0x00007ff9f6d00000 - 0x00007ff9f6d15000 	C:\Program Files\Java\jdk-11.0.10\bin\VCRUNTIME140.dll
0x00007ff9fc510000 - 0x00007ff9fc528000 	C:\Program Files\Java\jdk-11.0.10\bin\jli.dll
0x00007ffa0b060000 - 0x00007ffa0b10e000 	C:\WINDOWS\System32\ADVAPI32.dll
0x00007ffa0bf30000 - 0x00007ffa0bfd3000 	C:\WINDOWS\System32\msvcrt.dll
0x00007ffa0be90000 - 0x00007ffa0bf2e000 	C:\WINDOWS\System32\sechost.dll
0x00007ffa0b9e0000 - 0x00007ffa0bb00000 	C:\WINDOWS\System32\RPCRT4.dll
0x00007ffa0c550000 - 0x00007ffa0c6fc000 	C:\WINDOWS\System32\USER32.dll
0x00007ffa09c20000 - 0x00007ffa09c46000 	C:\WINDOWS\System32\win32u.dll
0x00007ff9e6850000 - 0x00007ff9e6af5000 	C:\WINDOWS\WinSxS\amd64_microsoft.windows.common-controls_6595b64144ccf1df_6.0.22000.120_none_9d947278b86cc467\COMCTL32.dll
0x00007ffa0b930000 - 0x00007ffa0b959000 	C:\WINDOWS\System32\GDI32.dll
0x00007ffa0a4b0000 - 0x00007ffa0a5c2000 	C:\WINDOWS\System32\gdi32full.dll
0x00007ffa0a2a0000 - 0x00007ffa0a33d000 	C:\WINDOWS\System32\msvcp_win.dll
0x00007ffa01a10000 - 0x00007ffa01a1a000 	C:\WINDOWS\SYSTEM32\VERSION.dll
0x00007ffa0a5d0000 - 0x00007ffa0a601000 	C:\WINDOWS\System32\IMM32.DLL
0x00007ff9f6990000 - 0x00007ff9f6a2b000 	C:\Program Files\Java\jdk-11.0.10\bin\msvcp140.dll
0x00007ff973930000 - 0x00007ff97442b000 	C:\Program Files\Java\jdk-11.0.10\bin\server\jvm.dll
0x00007ffa0c540000 - 0x00007ffa0c548000 	C:\WINDOWS\System32\PSAPI.DLL
0x00007ff9fd880000 - 0x00007ff9fd889000 	C:\WINDOWS\SYSTEM32\WSOCK32.dll
0x00007ffa0bfe0000 - 0x00007ffa0c04f000 	C:\WINDOWS\System32\WS2_32.dll
0x00007ffa03c20000 - 0x00007ffa03c53000 	C:\WINDOWS\SYSTEM32\WINMM.dll
0x00007ffa08c80000 - 0x00007ffa08c98000 	C:\WINDOWS\SYSTEM32\kernel.appcore.dll
0x00007ffa05e90000 - 0x00007ffa05ea0000 	C:\Program Files\Java\jdk-11.0.10\bin\verify.dll
0x00007ffa07990000 - 0x00007ffa07bb1000 	C:\WINDOWS\SYSTEM32\DBGHELP.DLL
0x00007ff9fd7d0000 - 0x00007ff9fd801000 	C:\WINDOWS\SYSTEM32\dbgcore.DLL
0x00007ffa0a0f0000 - 0x00007ffa0a16f000 	C:\WINDOWS\System32\bcryptPrimitives.dll
0x00007ff9f6960000 - 0x00007ff9f6988000 	C:\Program Files\Java\jdk-11.0.10\bin\java.dll
0x00007ffa04010000 - 0x00007ffa0401a000 	C:\Program Files\Java\jdk-11.0.10\bin\jimage.dll
0x00007ffa05f80000 - 0x00007ffa05f8e000 	C:\Program Files\Java\jdk-11.0.10\bin\instrument.dll
0x00007ff9f6940000 - 0x00007ff9f6956000 	C:\Program Files\Java\jdk-11.0.10\bin\zip.dll

dbghelp: loaded successfully - version: 4.0.5 - missing functions: none
symbol engine: initialized successfully - sym options: 0x614 - pdb path: .;C:\Program Files\Java\jdk-11.0.10\bin;C:\WINDOWS\SYSTEM32;C:\Program Files\Avast Software\Avast;C:\WINDOWS\WinSxS\amd64_microsoft.windows.common-controls_6595b64144ccf1df_6.0.22000.120_none_9d947278b86cc467;C:\Program Files\Java\jdk-11.0.10\bin\server

VM Arguments:
jvm_args: -ea -Didea.test.cyclic.buffer.size=1048576 -javaagent:C:\Program Files\JetBrains\IntelliJ IDEA Community Edition 2021.2.3\lib\idea_rt.jar=54181:C:\Program Files\JetBrains\IntelliJ IDEA Community Edition 2021.2.3\bin -Dfile.encoding=UTF-8 
java_command: com.intellij.rt.junit.JUnitStarter -ideVersion5 -junit5 com.wmm.api.tags.infrastructure.adapters.ouput.mongodb.TagOutputAdapterTest
java_class_path (initial): C:\Users\LENOVO\.m2\repository\org\junit\platform\junit-platform-launcher\1.8.2\junit-platform-launcher-1.8.2.jar;C:\Users\LENOVO\.m2\repository\org\junit\vintage\junit-vintage-engine\5.8.2\junit-vintage-engine-5.8.2.jar;C:\Program Files\JetBrains\IntelliJ IDEA Community Edition 2021.2.3\lib\idea_rt.jar;C:\Program Files\JetBrains\IntelliJ IDEA Community Edition 2021.2.3\plugins\junit\lib\junit5-rt.jar;C:\Program Files\JetBrains\IntelliJ IDEA Community Edition 2021.2.3\plugins\junit\lib\junit-rt.jar;D:\Mi empresa\where-is-my-money\wmm-back\wmm-api-tags\infrastructure\target\test-classes;D:\Mi empresa\where-is-my-money\wmm-back\wmm-api-tags\infrastructure\target\classes;C:\Users\LENOVO\.m2\repository\org\springframework\boot\spring-boot-starter-data-mongodb\2.7.1\spring-boot-starter-data-mongodb-2.7.1.jar;C:\Users\LENOVO\.m2\repository\org\springframework\boot\spring-boot-starter\2.7.1\spring-boot-starter-2.7.1.jar;C:\Users\LENOVO\.m2\repository\org\springframework\boot\spring-boot\2.7.1\spring-boot-2.7.1.jar;C:\Users\LENOVO\.m2\repository\org\springframework\boot\spring-boot-autoconfigure\2.7.1\spring-boot-autoconfigure-2.7.1.jar;C:\Users\LENOVO\.m2\repository\org\springframework\boot\spring-boot-starter-logging\2.7.1\spring-boot-starter-logging-2.7.1.jar;C:\Users\LENOVO\.m2\repository\ch\qos\logback\logback-classic\1.2.11\logback-classic-1.2.11.jar;C:\Users\LENOVO\.m2\repository\ch\qos\logback\logback-core\1.2.11\logback-core-1.2.11.jar;C:\Users\LENOVO\.m2\repository\org\apache\logging\log4j\log4j-to-slf4j\2.17.2\log4j-to-slf4j-2.17.2.jar;C:\Users\LENOVO\.m2\repository\org\apache\logging\log4j\log4j-api\2.17.2\log4j-api-2.17.2.jar;C:\Users\LENOVO\.m2\repository\org\slf4j\jul-to-slf4j\1.7.36\jul-to-slf4j-1.7.36.jar;C:\Users\LENOVO\.m2\repository\jakarta\annotation\jakarta.annotation-api\1.3.5\jakarta.annotation-api-1.3.5.jar;C:\Users\LENOVO\.m2\repository\org\yaml\snakeyaml\1.30\snakeyaml-1.30.jar;C:\Users\LENOVO\.m2\repository\org\mongod
Launcher Type: SUN_STANDARD

[Global flags]
     intx CICompilerCount                          = 4                                         {product} {ergonomic}
     uint ConcGCThreads                            = 2                                         {product} {ergonomic}
     uint G1ConcRefinementThreads                  = 8                                         {product} {ergonomic}
   size_t G1HeapRegionSize                         = 1048576                                   {product} {ergonomic}
    uintx GCDrainStackTargetSize                   = 64                                        {product} {ergonomic}
   size_t InitialHeapSize                          = 325058560                                 {product} {ergonomic}
   size_t MarkStackSize                            = 4194304                                   {product} {ergonomic}
   size_t MaxHeapSize                              = 5198839808                                {product} {ergonomic}
   size_t MinHeapDeltaBytes                        = 1048576                                   {product} {ergonomic}
    uintx NonNMethodCodeHeapSize                   = 5836300                                {pd product} {ergonomic}
    uintx NonProfiledCodeHeapSize                  = 122910970                              {pd product} {ergonomic}
    uintx ProfiledCodeHeapSize                     = 122910970                              {pd product} {ergonomic}
    uintx ReservedCodeCacheSize                    = 251658240                              {pd product} {ergonomic}
     bool SegmentedCodeCache                       = true                                      {product} {ergonomic}
     bool UseCompressedClassPointers               = true                                 {lp64_product} {ergonomic}
     bool UseCompressedOops                        = true                                 {lp64_product} {ergonomic}
     bool UseG1GC                                  = true                                      {product} {ergonomic}
     bool UseLargePagesIndividualAllocation        = false                                  {pd product} {ergonomic}

Logging:
Log output configuration:
 #0: stdout all=warning uptime,level,tags
 #1: stderr all=off uptime,level,tags

Environment Variables:
JAVA_HOME=C:\Program Files\Java\jdk1.8.0_261
CLASSPATH=C:\Program Files\Java\jdk1.8.0_261\jre
PATH=C:\db_home\bin;C:\Program Files (x86)\Microsoft SDKs\Azure\CLI2\wbin;C:\Program Files\Java\jdk1.8.0_261\bin;C:\Program Files (x86)\Common Files\Oracle\Java\javapath;C:\Program Files\Common Files\Oracle\Java\javapath;C:\WINDOWS\system32;C:\WINDOWS;C:\WINDOWS\System32\Wbem;C:\WINDOWS\System32\WindowsPowerShell\v1.0\;C:\WINDOWS\System32\OpenSSH\;C:\Program Files\Java\jdk-11.0.10;C:\maven\apache-maven-3.6.3\bin;%M2_HOME%\bin;C:\xampp\php;C:\sonar-scanner-4.5.0.2216-windows\bin;C:\Program Files\PuTTY\;C:\Program Files\nodejs\;C:\Program Files\Git\cmd;C:\Program Files\Docker\Docker\resources\bin;C:\ProgramData\DockerDesktop\version-bin;C:\Users\LENOVO\.windows-build-tools\python27\;C:\Users\LENOVO\AppData\Roaming\npm\node_modules\windows-build-tools\node_modules\.bin;C:\Users\LENOVO\AppData\Roaming\npm\node_modules\node_modules\.bin;C:\Users\LENOVO\AppData\Roaming\npm\node_modules\.bin;C:\Users\LENOVO\AppData\Roaming\node_modules\.bin;C:\Users\LENOVO\AppData\node_modules\.bin;C:\Users\LENOVO\node_modules\.bin;C:\Users\node_modules\.bin;C:\node_modules\.bin;C:\Users\LENOVO\AppData\Roaming\npm\node_modules\npm\node_modules\@npmcli\run-script\lib\node-gyp-bin;C:\db_home\bin;C:\Program Files (x86)\Microsoft SDKs\Azure\CLI2\wbin;C:\Program Files\Java\jdk1.8.0_261\bin;C:\Program Files (x86)\Common Files\Oracle\Java\javapath;C:\Program Files\Common Files\Oracle\Java\javapath;C:\WINDOWS\system32;C:\WINDOWS;C:\WINDOWS\System32\Wbem;C:\WINDOWS\System32\WindowsPowerShell\v1.0\;C:\WINDOWS\System32\OpenSSH\;C:\Program Files\Java\jdk-11.0.10;C:\maven\apache-maven-3.6.3\bin;%M2_HOME%\bin;C:\xampp\php;C:\ProgramData\ComposerSetup\bin;C:\sonar-scanner-4.5.0.2216-windows\bin;C:\Program Files\PuTTY\;C:\Program Files\nodejs\;C:\Program Files\Git\cmd;C:\Program Files\Docker\Docker\resources\bin;C:\ProgramData\DockerDesktop\version-bin;C:\Users\LENOVO\AppData\Local\Microsoft\WindowsApps;C:\Users\LENOVO\AppData\Local\Programs\Microsoft VS Code\bin;C:\Users\LENOVO\AppData\Roaming\Composer\vend
USERNAME=LENOVO
OS=Windows_NT
PROCESSOR_IDENTIFIER=AMD64 Family 23 Model 96 Stepping 1, AuthenticAMD



---------------  S Y S T E M  ---------------

OS: Windows 10 , 64 bit Build 22000 (10.0.22000.708)
Hyper-V role detected

CPU:total 8 (initial active 8) (8 cores per cpu, 1 threads per core) family 23 model 96 stepping 1 microcode 0x0, cmov, cx8, fxsr, mmx, sse, sse2, sse3, ssse3, sse4.1, sse4.2, popcnt, avx, avx2, aes, clmul, mmxext, 3dnowpref, lzcnt, sse4a, tsc, tscinvbit, tscinv, bmi1, bmi2, adx, sha, 

Memory: 4k page, system-wide physical 19830M (1488M free)
TotalPageFile size 50547M (AvailPageFile size 292M)
current process WorkingSet (physical memory assigned to process): 10M, peak: 10M
current process commit charge ("private bytes"): 61M, peak: 371M

vm_info: Java HotSpot(TM) 64-Bit Server VM (11.0.10+8-LTS-162) for windows-amd64 JRE (11.0.10+8-LTS-162), built on Dec  8 2020 16:32:57 by "mach5one" with MS VC++ 15.9 (VS2017)

END.
