#
# There is insufficient memory for the Java Runtime Environment to continue.
# Native memory allocation (malloc) failed to allocate 741296 bytes for Chunk::new
# Possible reasons:
#   The system is out of physical RAM or swap space
#   The process is running with CompressedOops enabled, and the Java Heap may be blocking the growth of the native heap
# Possible solutions:
#   Reduce memory load on the system
#   Increase physical memory or swap space
#   Check if swap backing store is full
#   Decrease Java heap size (-Xmx/-Xms)
#   Decrease number of Java threads
#   Decrease Java thread stack sizes (-Xss)
#   Set larger code cache with -XX:ReservedCodeCacheSize=
#   JVM is running with Zero Based Compressed Oops mode in which the Java heap is
#     placed in the first 32GB address space. The Java Heap base address is the
#     maximum limit for the native heap growth. Please use -XX:HeapBaseMinAddress
#     to set the Java Heap base and to place the Java Heap above 32GB virtual address.
# This output file may be truncated or incomplete.
#
#  Out of Memory Error (./open/src/hotspot/share/memory/arena.cpp:197), pid=142452, tid=125744
#
# JRE version: Java(TM) SE Runtime Environment 18.9 (11.0.10+8) (build 11.0.10+8-LTS-162)
# Java VM: Java HotSpot(TM) 64-Bit Server VM 18.9 (11.0.10+8-LTS-162, mixed mode, tiered, compressed oops, g1 gc, windows-amd64)
# No core dump will be written. Minidumps are not enabled by default on client versions of Windows
#

---------------  S U M M A R Y ------------

Command Line: -ea -Didea.test.cyclic.buffer.size=1048576 -javaagent:C:\Program Files\JetBrains\IntelliJ IDEA Community Edition 2021.2.3\lib\idea_rt.jar=57563:C:\Program Files\JetBrains\IntelliJ IDEA Community Edition 2021.2.3\bin -Dfile.encoding=UTF-8 com.intellij.rt.junit.JUnitStarter -ideVersion5 -junit5 com.wmm.api.tags.infrastructure.adapters.input.rest.TagInputAdapterTest

Host: AMD Ryzen 7 4700U with Radeon Graphics         , 8 cores, 19G,  Windows 10 , 64 bit Build 22000 (10.0.22000.708)
Time: Wed Jul 20 09:01:57 2022 Hora est. Pacífico, Sudamérica elapsed time: 1.620602 seconds (0d 0h 0m 1s)

---------------  T H R E A D  ---------------

Current thread (0x000002076546c800):  JavaThread "C2 CompilerThread1" daemon [_thread_in_native, id=125744, stack(0x000000d62a800000,0x000000d62a900000)]


Current CompileTask:
C2:   1620 1570   !   4       java.net.URL::<init> (543 bytes)

Stack: [0x000000d62a800000,0x000000d62a900000]
Native frames: (J=compiled Java code, j=interpreted, Vv=VM code, C=native code)
V  [jvm.dll+0x613e6a]
V  [jvm.dll+0x74c1ff]
V  [jvm.dll+0x74d885]
V  [jvm.dll+0x74df03]
V  [jvm.dll+0x243b78]
V  [jvm.dll+0xba2cc]
V  [jvm.dll+0xba9cc]
V  [jvm.dll+0x346982]
V  [jvm.dll+0x3147d3]
V  [jvm.dll+0x313b1a]
V  [jvm.dll+0x1fd395]
V  [jvm.dll+0x1fc54f]
V  [jvm.dll+0x17f09c]
V  [jvm.dll+0x20bbd4]
V  [jvm.dll+0x209cab]
V  [jvm.dll+0x713619]
V  [jvm.dll+0x70c314]
V  [jvm.dll+0x613036]
C  [ucrtbase.dll+0x26c0c]
C  [KERNEL32.DLL+0x154e0]
C  [ntdll.dll+0x485b]


---------------  P R O C E S S  ---------------

Threads class SMR info:
_java_thread_list=0x000002076672b230, length=13, elements={
0x000002073ebbd000, 0x0000020765010000, 0x0000020765019800, 0x0000020765069800,
0x000002076506a800, 0x000002076506c000, 0x0000020765076800, 0x000002076507a000,
0x0000020765326800, 0x000002076546c800, 0x00000207654c2000, 0x00000207654c2800,
0x00000207677cf800
}

Java Threads: ( => current thread )
  0x000002073ebbd000 JavaThread "main" [_thread_in_Java, id=137756, stack(0x000000d629900000,0x000000d629a00000)]
  0x0000020765010000 JavaThread "Reference Handler" daemon [_thread_blocked, id=141636, stack(0x000000d62a000000,0x000000d62a100000)]
  0x0000020765019800 JavaThread "Finalizer" daemon [_thread_blocked, id=141812, stack(0x000000d62a100000,0x000000d62a200000)]
  0x0000020765069800 JavaThread "Signal Dispatcher" daemon [_thread_blocked, id=143276, stack(0x000000d62a200000,0x000000d62a300000)]
  0x000002076506a800 JavaThread "Attach Listener" daemon [_thread_blocked, id=126016, stack(0x000000d62a300000,0x000000d62a400000)]
  0x000002076506c000 JavaThread "C2 CompilerThread0" daemon [_thread_in_native, id=14956, stack(0x000000d62a400000,0x000000d62a500000)]
  0x0000020765076800 JavaThread "C1 CompilerThread0" daemon [_thread_in_native, id=128588, stack(0x000000d62a500000,0x000000d62a600000)]
  0x000002076507a000 JavaThread "Sweeper thread" daemon [_thread_blocked, id=110472, stack(0x000000d62a600000,0x000000d62a700000)]
  0x0000020765326800 JavaThread "Common-Cleaner" daemon [_thread_blocked, id=141804, stack(0x000000d62a700000,0x000000d62a800000)]
=>0x000002076546c800 JavaThread "C2 CompilerThread1" daemon [_thread_in_native, id=125744, stack(0x000000d62a800000,0x000000d62a900000)]
  0x00000207654c2000 JavaThread "Monitor Ctrl-Break" daemon [_thread_in_native, id=135460, stack(0x000000d62a900000,0x000000d62aa00000)]
  0x00000207654c2800 JavaThread "Service Thread" daemon [_thread_blocked, id=130864, stack(0x000000d62aa00000,0x000000d62ab00000)]
  0x00000207677cf800 JavaThread "C2 CompilerThread2" daemon [_thread_in_native, id=128472, stack(0x000000d62b200000,0x000000d62b300000)]

Other Threads:
  0x0000020764fec800 VMThread "VM Thread" [stack: 0x000000d629f00000,0x000000d62a000000] [id=6864]
  0x000002076554e800 WatcherThread [stack: 0x000000d62ab00000,0x000000d62ac00000] [id=133600]
  0x000002073ebd2800 GCTaskThread "GC Thread#0" [stack: 0x000000d629a00000,0x000000d629b00000] [id=144216]
  0x000002076603f000 GCTaskThread "GC Thread#1" [stack: 0x000000d62ac00000,0x000000d62ad00000] [id=142416]
  0x0000020765d3d000 GCTaskThread "GC Thread#2" [stack: 0x000000d62ad00000,0x000000d62ae00000] [id=140428]
  0x0000020766036000 GCTaskThread "GC Thread#3" [stack: 0x000000d62ae00000,0x000000d62af00000] [id=144468]
  0x00000207662a0000 GCTaskThread "GC Thread#4" [stack: 0x000000d62af00000,0x000000d62b000000] [id=143836]
  0x0000020765fe6800 GCTaskThread "GC Thread#5" [stack: 0x000000d62b000000,0x000000d62b100000] [id=141048]
  0x0000020766387800 GCTaskThread "GC Thread#6" [stack: 0x000000d62b100000,0x000000d62b200000] [id=44944]
  0x000002073ec3f800 ConcurrentGCThread "G1 Main Marker" [stack: 0x000000d629b00000,0x000000d629c00000] [id=141164]
  0x000002073c9ee000 ConcurrentGCThread "G1 Conc#0" [stack: 0x000000d629c00000,0x000000d629d00000] [id=20724]
  0x0000020764654000 ConcurrentGCThread "G1 Refine#0" [stack: 0x000000d629d00000,0x000000d629e00000] [id=140464]
  0x0000020764655000 ConcurrentGCThread "G1 Young RemSet Sampling" [stack: 0x000000d629e00000,0x000000d629f00000] [id=141496]

Threads with active compile tasks:
C2 CompilerThread0   1655 1552       4       java.net.URLStreamHandler::parseURL (1201 bytes)
C2 CompilerThread1   1655 1570   !   4       java.net.URL::<init> (543 bytes)
C2 CompilerThread2   1655 1572       4       java.lang.StringLatin1::toLowerCase (180 bytes)

VM state:not at safepoint (normal execution)

VM Mutex/Monitor currently owned by a thread: None

Heap address: 0x00000006ca200000, size: 4958 MB, Compressed Oops mode: Zero based, Oop shift amount: 3
Narrow klass base: 0x0000000800000000, Narrow klass shift: 0
Compressed class space size: 1073741824 Address: 0x0000000800000000

Heap:
 garbage-first heap   total 317440K, used 76570K [0x00000006ca200000, 0x0000000800000000)
  region size 1024K, 68 young (69632K), 3 survivors (3072K)
 Metaspace       used 19217K, capacity 19963K, committed 20224K, reserved 1067008K
  class space    used 2477K, capacity 2750K, committed 2816K, reserved 1048576K
Heap Regions: E=young(eden), S=young(survivor), O=old, HS=humongous(starts), HC=humongous(continues), CS=collection set, F=free, A=archive, TAMS=top-at-mark-start (previous, next)
|   0|0x00000006ca200000, 0x00000006ca300000, 0x00000006ca300000|100%|HS|  |TAMS 0x00000006ca200000, 0x00000006ca200000| Complete 
|   1|0x00000006ca300000, 0x00000006ca400000, 0x00000006ca400000|100%|HC|  |TAMS 0x00000006ca300000, 0x00000006ca300000| Complete 
|   2|0x00000006ca400000, 0x00000006ca400000, 0x00000006ca500000|  0%| F|  |TAMS 0x00000006ca400000, 0x00000006ca400000| Untracked 
|   3|0x00000006ca500000, 0x00000006ca600000, 0x00000006ca600000|100%| O|  |TAMS 0x00000006ca500000, 0x00000006ca500000| Untracked 
|   4|0x00000006ca600000, 0x00000006ca700000, 0x00000006ca700000|100%| O|  |TAMS 0x00000006ca600000, 0x00000006ca600000| Untracked 
|   5|0x00000006ca700000, 0x00000006ca800000, 0x00000006ca800000|100%| O|  |TAMS 0x00000006ca700000, 0x00000006ca700000| Untracked 
|   6|0x00000006ca800000, 0x00000006ca900000, 0x00000006ca900000|100%| O|  |TAMS 0x00000006ca800000, 0x00000006ca800000| Untracked 
|   7|0x00000006ca900000, 0x00000006caa00000, 0x00000006caa00000|100%| O|  |TAMS 0x00000006ca900000, 0x00000006ca900000| Untracked 
|   8|0x00000006caa00000, 0x00000006caac6a00, 0x00000006cab00000| 77%| O|  |TAMS 0x00000006caa00000, 0x00000006caa00000| Untracked 
|   9|0x00000006cab00000, 0x00000006cab00000, 0x00000006cac00000|  0%| F|  |TAMS 0x00000006cab00000, 0x00000006cab00000| Untracked 
|  10|0x00000006cac00000, 0x00000006cac00000, 0x00000006cad00000|  0%| F|  |TAMS 0x00000006cac00000, 0x00000006cac00000| Untracked 
|  11|0x00000006cad00000, 0x00000006cad00000, 0x00000006cae00000|  0%| F|  |TAMS 0x00000006cad00000, 0x00000006cad00000| Untracked 
|  12|0x00000006cae00000, 0x00000006cae00000, 0x00000006caf00000|  0%| F|  |TAMS 0x00000006cae00000, 0x00000006cae00000| Untracked 
|  13|0x00000006caf00000, 0x00000006caf00000, 0x00000006cb000000|  0%| F|  |TAMS 0x00000006caf00000, 0x00000006caf00000| Untracked 
|  14|0x00000006cb000000, 0x00000006cb000000, 0x00000006cb100000|  0%| F|  |TAMS 0x00000006cb000000, 0x00000006cb000000| Untracked 
|  15|0x00000006cb100000, 0x00000006cb100000, 0x00000006cb200000|  0%| F|  |TAMS 0x00000006cb100000, 0x00000006cb100000| Untracked 
|  16|0x00000006cb200000, 0x00000006cb200000, 0x00000006cb300000|  0%| F|  |TAMS 0x00000006cb200000, 0x00000006cb200000| Untracked 
|  17|0x00000006cb300000, 0x00000006cb300000, 0x00000006cb400000|  0%| F|  |TAMS 0x00000006cb300000, 0x00000006cb300000| Untracked 
|  18|0x00000006cb400000, 0x00000006cb400000, 0x00000006cb500000|  0%| F|  |TAMS 0x00000006cb400000, 0x00000006cb400000| Untracked 
|  19|0x00000006cb500000, 0x00000006cb500000, 0x00000006cb600000|  0%| F|  |TAMS 0x00000006cb500000, 0x00000006cb500000| Untracked 
|  20|0x00000006cb600000, 0x00000006cb600000, 0x00000006cb700000|  0%| F|  |TAMS 0x00000006cb600000, 0x00000006cb600000| Untracked 
|  21|0x00000006cb700000, 0x00000006cb700000, 0x00000006cb800000|  0%| F|  |TAMS 0x00000006cb700000, 0x00000006cb700000| Untracked 
|  22|0x00000006cb800000, 0x00000006cb800000, 0x00000006cb900000|  0%| F|  |TAMS 0x00000006cb800000, 0x00000006cb800000| Untracked 
|  23|0x00000006cb900000, 0x00000006cb900000, 0x00000006cba00000|  0%| F|  |TAMS 0x00000006cb900000, 0x00000006cb900000| Untracked 
|  24|0x00000006cba00000, 0x00000006cba00000, 0x00000006cbb00000|  0%| F|  |TAMS 0x00000006cba00000, 0x00000006cba00000| Untracked 
|  25|0x00000006cbb00000, 0x00000006cbb00000, 0x00000006cbc00000|  0%| F|  |TAMS 0x00000006cbb00000, 0x00000006cbb00000| Untracked 
|  26|0x00000006cbc00000, 0x00000006cbc00000, 0x00000006cbd00000|  0%| F|  |TAMS 0x00000006cbc00000, 0x00000006cbc00000| Untracked 
|  27|0x00000006cbd00000, 0x00000006cbd00000, 0x00000006cbe00000|  0%| F|  |TAMS 0x00000006cbd00000, 0x00000006cbd00000| Untracked 
|  28|0x00000006cbe00000, 0x00000006cbe00000, 0x00000006cbf00000|  0%| F|  |TAMS 0x00000006cbe00000, 0x00000006cbe00000| Untracked 
|  29|0x00000006cbf00000, 0x00000006cbf00000, 0x00000006cc000000|  0%| F|  |TAMS 0x00000006cbf00000, 0x00000006cbf00000| Untracked 
|  30|0x00000006cc000000, 0x00000006cc000000, 0x00000006cc100000|  0%| F|  |TAMS 0x00000006cc000000, 0x00000006cc000000| Untracked 
|  31|0x00000006cc100000, 0x00000006cc100000, 0x00000006cc200000|  0%| F|  |TAMS 0x00000006cc100000, 0x00000006cc100000| Untracked 
|  32|0x00000006cc200000, 0x00000006cc200000, 0x00000006cc300000|  0%| F|  |TAMS 0x00000006cc200000, 0x00000006cc200000| Untracked 
|  33|0x00000006cc300000, 0x00000006cc300000, 0x00000006cc400000|  0%| F|  |TAMS 0x00000006cc300000, 0x00000006cc300000| Untracked 
|  34|0x00000006cc400000, 0x00000006cc400000, 0x00000006cc500000|  0%| F|  |TAMS 0x00000006cc400000, 0x00000006cc400000| Untracked 
|  35|0x00000006cc500000, 0x00000006cc500000, 0x00000006cc600000|  0%| F|  |TAMS 0x00000006cc500000, 0x00000006cc500000| Untracked 
|  36|0x00000006cc600000, 0x00000006cc600000, 0x00000006cc700000|  0%| F|  |TAMS 0x00000006cc600000, 0x00000006cc600000| Untracked 
|  37|0x00000006cc700000, 0x00000006cc700000, 0x00000006cc800000|  0%| F|  |TAMS 0x00000006cc700000, 0x00000006cc700000| Untracked 
|  38|0x00000006cc800000, 0x00000006cc800000, 0x00000006cc900000|  0%| F|  |TAMS 0x00000006cc800000, 0x00000006cc800000| Untracked 
|  39|0x00000006cc900000, 0x00000006cc900000, 0x00000006cca00000|  0%| F|  |TAMS 0x00000006cc900000, 0x00000006cc900000| Untracked 
|  40|0x00000006cca00000, 0x00000006cca00000, 0x00000006ccb00000|  0%| F|  |TAMS 0x00000006cca00000, 0x00000006cca00000| Untracked 
|  41|0x00000006ccb00000, 0x00000006ccb00000, 0x00000006ccc00000|  0%| F|  |TAMS 0x00000006ccb00000, 0x00000006ccb00000| Untracked 
|  42|0x00000006ccc00000, 0x00000006ccc00000, 0x00000006ccd00000|  0%| F|  |TAMS 0x00000006ccc00000, 0x00000006ccc00000| Untracked 
|  43|0x00000006ccd00000, 0x00000006ccd00000, 0x00000006cce00000|  0%| F|  |TAMS 0x00000006ccd00000, 0x00000006ccd00000| Untracked 
|  44|0x00000006cce00000, 0x00000006cce00000, 0x00000006ccf00000|  0%| F|  |TAMS 0x00000006cce00000, 0x00000006cce00000| Untracked 
|  45|0x00000006ccf00000, 0x00000006ccf00000, 0x00000006cd000000|  0%| F|  |TAMS 0x00000006ccf00000, 0x00000006ccf00000| Untracked 
|  46|0x00000006cd000000, 0x00000006cd000000, 0x00000006cd100000|  0%| F|  |TAMS 0x00000006cd000000, 0x00000006cd000000| Untracked 
|  47|0x00000006cd100000, 0x00000006cd100000, 0x00000006cd200000|  0%| F|  |TAMS 0x00000006cd100000, 0x00000006cd100000| Untracked 
|  48|0x00000006cd200000, 0x00000006cd200000, 0x00000006cd300000|  0%| F|  |TAMS 0x00000006cd200000, 0x00000006cd200000| Untracked 
|  49|0x00000006cd300000, 0x00000006cd300000, 0x00000006cd400000|  0%| F|  |TAMS 0x00000006cd300000, 0x00000006cd300000| Untracked 
|  50|0x00000006cd400000, 0x00000006cd400000, 0x00000006cd500000|  0%| F|  |TAMS 0x00000006cd400000, 0x00000006cd400000| Untracked 
|  51|0x00000006cd500000, 0x00000006cd500000, 0x00000006cd600000|  0%| F|  |TAMS 0x00000006cd500000, 0x00000006cd500000| Untracked 
|  52|0x00000006cd600000, 0x00000006cd600000, 0x00000006cd700000|  0%| F|  |TAMS 0x00000006cd600000, 0x00000006cd600000| Untracked 
|  53|0x00000006cd700000, 0x00000006cd700000, 0x00000006cd800000|  0%| F|  |TAMS 0x00000006cd700000, 0x00000006cd700000| Untracked 
|  54|0x00000006cd800000, 0x00000006cd800000, 0x00000006cd900000|  0%| F|  |TAMS 0x00000006cd800000, 0x00000006cd800000| Untracked 
|  55|0x00000006cd900000, 0x00000006cd900000, 0x00000006cda00000|  0%| F|  |TAMS 0x00000006cd900000, 0x00000006cd900000| Untracked 
|  56|0x00000006cda00000, 0x00000006cda00000, 0x00000006cdb00000|  0%| F|  |TAMS 0x00000006cda00000, 0x00000006cda00000| Untracked 
|  57|0x00000006cdb00000, 0x00000006cdb00000, 0x00000006cdc00000|  0%| F|  |TAMS 0x00000006cdb00000, 0x00000006cdb00000| Untracked 
|  58|0x00000006cdc00000, 0x00000006cdc00000, 0x00000006cdd00000|  0%| F|  |TAMS 0x00000006cdc00000, 0x00000006cdc00000| Untracked 
|  59|0x00000006cdd00000, 0x00000006cdd00000, 0x00000006cde00000|  0%| F|  |TAMS 0x00000006cdd00000, 0x00000006cdd00000| Untracked 
|  60|0x00000006cde00000, 0x00000006cde00000, 0x00000006cdf00000|  0%| F|  |TAMS 0x00000006cde00000, 0x00000006cde00000| Untracked 
|  61|0x00000006cdf00000, 0x00000006cdf00000, 0x00000006ce000000|  0%| F|  |TAMS 0x00000006cdf00000, 0x00000006cdf00000| Untracked 
|  62|0x00000006ce000000, 0x00000006ce000000, 0x00000006ce100000|  0%| F|  |TAMS 0x00000006ce000000, 0x00000006ce000000| Untracked 
|  63|0x00000006ce100000, 0x00000006ce100000, 0x00000006ce200000|  0%| F|  |TAMS 0x00000006ce100000, 0x00000006ce100000| Untracked 
|  64|0x00000006ce200000, 0x00000006ce200000, 0x00000006ce300000|  0%| F|  |TAMS 0x00000006ce200000, 0x00000006ce200000| Untracked 
|  65|0x00000006ce300000, 0x00000006ce300000, 0x00000006ce400000|  0%| F|  |TAMS 0x00000006ce300000, 0x00000006ce300000| Untracked 
|  66|0x00000006ce400000, 0x00000006ce400000, 0x00000006ce500000|  0%| F|  |TAMS 0x00000006ce400000, 0x00000006ce400000| Untracked 
|  67|0x00000006ce500000, 0x00000006ce500000, 0x00000006ce600000|  0%| F|  |TAMS 0x00000006ce500000, 0x00000006ce500000| Untracked 
|  68|0x00000006ce600000, 0x00000006ce600000, 0x00000006ce700000|  0%| F|  |TAMS 0x00000006ce600000, 0x00000006ce600000| Untracked 
|  69|0x00000006ce700000, 0x00000006ce700000, 0x00000006ce800000|  0%| F|  |TAMS 0x00000006ce700000, 0x00000006ce700000| Untracked 
|  70|0x00000006ce800000, 0x00000006ce800000, 0x00000006ce900000|  0%| F|  |TAMS 0x00000006ce800000, 0x00000006ce800000| Untracked 
|  71|0x00000006ce900000, 0x00000006ce900000, 0x00000006cea00000|  0%| F|  |TAMS 0x00000006ce900000, 0x00000006ce900000| Untracked 
|  72|0x00000006cea00000, 0x00000006cea00000, 0x00000006ceb00000|  0%| F|  |TAMS 0x00000006cea00000, 0x00000006cea00000| Untracked 
|  73|0x00000006ceb00000, 0x00000006ceb00000, 0x00000006cec00000|  0%| F|  |TAMS 0x00000006ceb00000, 0x00000006ceb00000| Untracked 
|  74|0x00000006cec00000, 0x00000006cec00000, 0x00000006ced00000|  0%| F|  |TAMS 0x00000006cec00000, 0x00000006cec00000| Untracked 
|  75|0x00000006ced00000, 0x00000006ced00000, 0x00000006cee00000|  0%| F|  |TAMS 0x00000006ced00000, 0x00000006ced00000| Untracked 
|  76|0x00000006cee00000, 0x00000006cee00000, 0x00000006cef00000|  0%| F|  |TAMS 0x00000006cee00000, 0x00000006cee00000| Untracked 
|  77|0x00000006cef00000, 0x00000006cef00000, 0x00000006cf000000|  0%| F|  |TAMS 0x00000006cef00000, 0x00000006cef00000| Untracked 
|  78|0x00000006cf000000, 0x00000006cf000000, 0x00000006cf100000|  0%| F|  |TAMS 0x00000006cf000000, 0x00000006cf000000| Untracked 
|  79|0x00000006cf100000, 0x00000006cf100000, 0x00000006cf200000|  0%| F|  |TAMS 0x00000006cf100000, 0x00000006cf100000| Untracked 
|  80|0x00000006cf200000, 0x00000006cf200000, 0x00000006cf300000|  0%| F|  |TAMS 0x00000006cf200000, 0x00000006cf200000| Untracked 
|  81|0x00000006cf300000, 0x00000006cf300000, 0x00000006cf400000|  0%| F|  |TAMS 0x00000006cf300000, 0x00000006cf300000| Untracked 
|  82|0x00000006cf400000, 0x00000006cf400000, 0x00000006cf500000|  0%| F|  |TAMS 0x00000006cf400000, 0x00000006cf400000| Untracked 
|  83|0x00000006cf500000, 0x00000006cf500000, 0x00000006cf600000|  0%| F|  |TAMS 0x00000006cf500000, 0x00000006cf500000| Untracked 
|  84|0x00000006cf600000, 0x00000006cf600000, 0x00000006cf700000|  0%| F|  |TAMS 0x00000006cf600000, 0x00000006cf600000| Untracked 
|  85|0x00000006cf700000, 0x00000006cf700000, 0x00000006cf800000|  0%| F|  |TAMS 0x00000006cf700000, 0x00000006cf700000| Untracked 
|  86|0x00000006cf800000, 0x00000006cf800000, 0x00000006cf900000|  0%| F|  |TAMS 0x00000006cf800000, 0x00000006cf800000| Untracked 
|  87|0x00000006cf900000, 0x00000006cf900000, 0x00000006cfa00000|  0%| F|  |TAMS 0x00000006cf900000, 0x00000006cf900000| Untracked 
|  88|0x00000006cfa00000, 0x00000006cfa00000, 0x00000006cfb00000|  0%| F|  |TAMS 0x00000006cfa00000, 0x00000006cfa00000| Untracked 
|  89|0x00000006cfb00000, 0x00000006cfb00000, 0x00000006cfc00000|  0%| F|  |TAMS 0x00000006cfb00000, 0x00000006cfb00000| Untracked 
|  90|0x00000006cfc00000, 0x00000006cfc00000, 0x00000006cfd00000|  0%| F|  |TAMS 0x00000006cfc00000, 0x00000006cfc00000| Untracked 
|  91|0x00000006cfd00000, 0x00000006cfd00000, 0x00000006cfe00000|  0%| F|  |TAMS 0x00000006cfd00000, 0x00000006cfd00000| Untracked 
|  92|0x00000006cfe00000, 0x00000006cfe00000, 0x00000006cff00000|  0%| F|  |TAMS 0x00000006cfe00000, 0x00000006cfe00000| Untracked 
|  93|0x00000006cff00000, 0x00000006cff00000, 0x00000006d0000000|  0%| F|  |TAMS 0x00000006cff00000, 0x00000006cff00000| Untracked 
|  94|0x00000006d0000000, 0x00000006d0000000, 0x00000006d0100000|  0%| F|  |TAMS 0x00000006d0000000, 0x00000006d0000000| Untracked 
|  95|0x00000006d0100000, 0x00000006d0100000, 0x00000006d0200000|  0%| F|  |TAMS 0x00000006d0100000, 0x00000006d0100000| Untracked 
|  96|0x00000006d0200000, 0x00000006d0200000, 0x00000006d0300000|  0%| F|  |TAMS 0x00000006d0200000, 0x00000006d0200000| Untracked 
|  97|0x00000006d0300000, 0x00000006d0300000, 0x00000006d0400000|  0%| F|  |TAMS 0x00000006d0300000, 0x00000006d0300000| Untracked 
|  98|0x00000006d0400000, 0x00000006d0400000, 0x00000006d0500000|  0%| F|  |TAMS 0x00000006d0400000, 0x00000006d0400000| Untracked 
|  99|0x00000006d0500000, 0x00000006d0500000, 0x00000006d0600000|  0%| F|  |TAMS 0x00000006d0500000, 0x00000006d0500000| Untracked 
| 100|0x00000006d0600000, 0x00000006d0600000, 0x00000006d0700000|  0%| F|  |TAMS 0x00000006d0600000, 0x00000006d0600000| Untracked 
| 101|0x00000006d0700000, 0x00000006d0700000, 0x00000006d0800000|  0%| F|  |TAMS 0x00000006d0700000, 0x00000006d0700000| Untracked 
| 102|0x00000006d0800000, 0x00000006d0800000, 0x00000006d0900000|  0%| F|  |TAMS 0x00000006d0800000, 0x00000006d0800000| Untracked 
| 103|0x00000006d0900000, 0x00000006d0900000, 0x00000006d0a00000|  0%| F|  |TAMS 0x00000006d0900000, 0x00000006d0900000| Untracked 
| 104|0x00000006d0a00000, 0x00000006d0a00000, 0x00000006d0b00000|  0%| F|  |TAMS 0x00000006d0a00000, 0x00000006d0a00000| Untracked 
| 105|0x00000006d0b00000, 0x00000006d0b00000, 0x00000006d0c00000|  0%| F|  |TAMS 0x00000006d0b00000, 0x00000006d0b00000| Untracked 
| 106|0x00000006d0c00000, 0x00000006d0c00000, 0x00000006d0d00000|  0%| F|  |TAMS 0x00000006d0c00000, 0x00000006d0c00000| Untracked 
| 107|0x00000006d0d00000, 0x00000006d0d00000, 0x00000006d0e00000|  0%| F|  |TAMS 0x00000006d0d00000, 0x00000006d0d00000| Untracked 
| 108|0x00000006d0e00000, 0x00000006d0e00000, 0x00000006d0f00000|  0%| F|  |TAMS 0x00000006d0e00000, 0x00000006d0e00000| Untracked 
| 109|0x00000006d0f00000, 0x00000006d0f00000, 0x00000006d1000000|  0%| F|  |TAMS 0x00000006d0f00000, 0x00000006d0f00000| Untracked 
| 110|0x00000006d1000000, 0x00000006d1000000, 0x00000006d1100000|  0%| F|  |TAMS 0x00000006d1000000, 0x00000006d1000000| Untracked 
| 111|0x00000006d1100000, 0x00000006d1100000, 0x00000006d1200000|  0%| F|  |TAMS 0x00000006d1100000, 0x00000006d1100000| Untracked 
| 112|0x00000006d1200000, 0x00000006d1200000, 0x00000006d1300000|  0%| F|  |TAMS 0x00000006d1200000, 0x00000006d1200000| Untracked 
| 113|0x00000006d1300000, 0x00000006d1300000, 0x00000006d1400000|  0%| F|  |TAMS 0x00000006d1300000, 0x00000006d1300000| Untracked 
| 114|0x00000006d1400000, 0x00000006d1400000, 0x00000006d1500000|  0%| F|  |TAMS 0x00000006d1400000, 0x00000006d1400000| Untracked 
| 115|0x00000006d1500000, 0x00000006d1500000, 0x00000006d1600000|  0%| F|  |TAMS 0x00000006d1500000, 0x00000006d1500000| Untracked 
| 116|0x00000006d1600000, 0x00000006d1600000, 0x00000006d1700000|  0%| F|  |TAMS 0x00000006d1600000, 0x00000006d1600000| Untracked 
| 117|0x00000006d1700000, 0x00000006d1700000, 0x00000006d1800000|  0%| F|  |TAMS 0x00000006d1700000, 0x00000006d1700000| Untracked 
| 118|0x00000006d1800000, 0x00000006d1800000, 0x00000006d1900000|  0%| F|  |TAMS 0x00000006d1800000, 0x00000006d1800000| Untracked 
| 119|0x00000006d1900000, 0x00000006d1900000, 0x00000006d1a00000|  0%| F|  |TAMS 0x00000006d1900000, 0x00000006d1900000| Untracked 
| 120|0x00000006d1a00000, 0x00000006d1a00000, 0x00000006d1b00000|  0%| F|  |TAMS 0x00000006d1a00000, 0x00000006d1a00000| Untracked 
| 121|0x00000006d1b00000, 0x00000006d1b00000, 0x00000006d1c00000|  0%| F|  |TAMS 0x00000006d1b00000, 0x00000006d1b00000| Untracked 
| 122|0x00000006d1c00000, 0x00000006d1c00000, 0x00000006d1d00000|  0%| F|  |TAMS 0x00000006d1c00000, 0x00000006d1c00000| Untracked 
| 123|0x00000006d1d00000, 0x00000006d1d00000, 0x00000006d1e00000|  0%| F|  |TAMS 0x00000006d1d00000, 0x00000006d1d00000| Untracked 
| 124|0x00000006d1e00000, 0x00000006d1e00000, 0x00000006d1f00000|  0%| F|  |TAMS 0x00000006d1e00000, 0x00000006d1e00000| Untracked 
| 125|0x00000006d1f00000, 0x00000006d1f00000, 0x00000006d2000000|  0%| F|  |TAMS 0x00000006d1f00000, 0x00000006d1f00000| Untracked 
| 126|0x00000006d2000000, 0x00000006d2000000, 0x00000006d2100000|  0%| F|  |TAMS 0x00000006d2000000, 0x00000006d2000000| Untracked 
| 127|0x00000006d2100000, 0x00000006d2100000, 0x00000006d2200000|  0%| F|  |TAMS 0x00000006d2100000, 0x00000006d2100000| Untracked 
| 128|0x00000006d2200000, 0x00000006d2200000, 0x00000006d2300000|  0%| F|  |TAMS 0x00000006d2200000, 0x00000006d2200000| Untracked 
| 129|0x00000006d2300000, 0x00000006d2300000, 0x00000006d2400000|  0%| F|  |TAMS 0x00000006d2300000, 0x00000006d2300000| Untracked 
| 130|0x00000006d2400000, 0x00000006d2400000, 0x00000006d2500000|  0%| F|  |TAMS 0x00000006d2400000, 0x00000006d2400000| Untracked 
| 131|0x00000006d2500000, 0x00000006d2500000, 0x00000006d2600000|  0%| F|  |TAMS 0x00000006d2500000, 0x00000006d2500000| Untracked 
| 132|0x00000006d2600000, 0x00000006d2600000, 0x00000006d2700000|  0%| F|  |TAMS 0x00000006d2600000, 0x00000006d2600000| Untracked 
| 133|0x00000006d2700000, 0x00000006d2700000, 0x00000006d2800000|  0%| F|  |TAMS 0x00000006d2700000, 0x00000006d2700000| Untracked 
| 134|0x00000006d2800000, 0x00000006d2800000, 0x00000006d2900000|  0%| F|  |TAMS 0x00000006d2800000, 0x00000006d2800000| Untracked 
| 135|0x00000006d2900000, 0x00000006d2900000, 0x00000006d2a00000|  0%| F|  |TAMS 0x00000006d2900000, 0x00000006d2900000| Untracked 
| 136|0x00000006d2a00000, 0x00000006d2a00000, 0x00000006d2b00000|  0%| F|  |TAMS 0x00000006d2a00000, 0x00000006d2a00000| Untracked 
| 137|0x00000006d2b00000, 0x00000006d2b00000, 0x00000006d2c00000|  0%| F|  |TAMS 0x00000006d2b00000, 0x00000006d2b00000| Untracked 
| 138|0x00000006d2c00000, 0x00000006d2c00000, 0x00000006d2d00000|  0%| F|  |TAMS 0x00000006d2c00000, 0x00000006d2c00000| Untracked 
| 139|0x00000006d2d00000, 0x00000006d2d00000, 0x00000006d2e00000|  0%| F|  |TAMS 0x00000006d2d00000, 0x00000006d2d00000| Untracked 
| 140|0x00000006d2e00000, 0x00000006d2e00000, 0x00000006d2f00000|  0%| F|  |TAMS 0x00000006d2e00000, 0x00000006d2e00000| Untracked 
| 141|0x00000006d2f00000, 0x00000006d2f00000, 0x00000006d3000000|  0%| F|  |TAMS 0x00000006d2f00000, 0x00000006d2f00000| Untracked 
| 142|0x00000006d3000000, 0x00000006d3000000, 0x00000006d3100000|  0%| F|  |TAMS 0x00000006d3000000, 0x00000006d3000000| Untracked 
| 143|0x00000006d3100000, 0x00000006d3100000, 0x00000006d3200000|  0%| F|  |TAMS 0x00000006d3100000, 0x00000006d3100000| Untracked 
| 144|0x00000006d3200000, 0x00000006d3200000, 0x00000006d3300000|  0%| F|  |TAMS 0x00000006d3200000, 0x00000006d3200000| Untracked 
| 145|0x00000006d3300000, 0x00000006d3300000, 0x00000006d3400000|  0%| F|  |TAMS 0x00000006d3300000, 0x00000006d3300000| Untracked 
| 146|0x00000006d3400000, 0x00000006d3400000, 0x00000006d3500000|  0%| F|  |TAMS 0x00000006d3400000, 0x00000006d3400000| Untracked 
| 147|0x00000006d3500000, 0x00000006d3500000, 0x00000006d3600000|  0%| F|  |TAMS 0x00000006d3500000, 0x00000006d3500000| Untracked 
| 148|0x00000006d3600000, 0x00000006d3600000, 0x00000006d3700000|  0%| F|  |TAMS 0x00000006d3600000, 0x00000006d3600000| Untracked 
| 149|0x00000006d3700000, 0x00000006d3700000, 0x00000006d3800000|  0%| F|  |TAMS 0x00000006d3700000, 0x00000006d3700000| Untracked 
| 150|0x00000006d3800000, 0x00000006d3800000, 0x00000006d3900000|  0%| F|  |TAMS 0x00000006d3800000, 0x00000006d3800000| Untracked 
| 151|0x00000006d3900000, 0x00000006d3900000, 0x00000006d3a00000|  0%| F|  |TAMS 0x00000006d3900000, 0x00000006d3900000| Untracked 
| 152|0x00000006d3a00000, 0x00000006d3a00000, 0x00000006d3b00000|  0%| F|  |TAMS 0x00000006d3a00000, 0x00000006d3a00000| Untracked 
| 153|0x00000006d3b00000, 0x00000006d3b00000, 0x00000006d3c00000|  0%| F|  |TAMS 0x00000006d3b00000, 0x00000006d3b00000| Untracked 
| 154|0x00000006d3c00000, 0x00000006d3c00000, 0x00000006d3d00000|  0%| F|  |TAMS 0x00000006d3c00000, 0x00000006d3c00000| Untracked 
| 155|0x00000006d3d00000, 0x00000006d3d00000, 0x00000006d3e00000|  0%| F|  |TAMS 0x00000006d3d00000, 0x00000006d3d00000| Untracked 
| 156|0x00000006d3e00000, 0x00000006d3e00000, 0x00000006d3f00000|  0%| F|  |TAMS 0x00000006d3e00000, 0x00000006d3e00000| Untracked 
| 157|0x00000006d3f00000, 0x00000006d3f00000, 0x00000006d4000000|  0%| F|  |TAMS 0x00000006d3f00000, 0x00000006d3f00000| Untracked 
| 158|0x00000006d4000000, 0x00000006d4000000, 0x00000006d4100000|  0%| F|  |TAMS 0x00000006d4000000, 0x00000006d4000000| Untracked 
| 159|0x00000006d4100000, 0x00000006d4100000, 0x00000006d4200000|  0%| F|  |TAMS 0x00000006d4100000, 0x00000006d4100000| Untracked 
| 160|0x00000006d4200000, 0x00000006d4200000, 0x00000006d4300000|  0%| F|  |TAMS 0x00000006d4200000, 0x00000006d4200000| Untracked 
| 161|0x00000006d4300000, 0x00000006d4300000, 0x00000006d4400000|  0%| F|  |TAMS 0x00000006d4300000, 0x00000006d4300000| Untracked 
| 162|0x00000006d4400000, 0x00000006d4400000, 0x00000006d4500000|  0%| F|  |TAMS 0x00000006d4400000, 0x00000006d4400000| Untracked 
| 163|0x00000006d4500000, 0x00000006d4500000, 0x00000006d4600000|  0%| F|  |TAMS 0x00000006d4500000, 0x00000006d4500000| Untracked 
| 164|0x00000006d4600000, 0x00000006d4600000, 0x00000006d4700000|  0%| F|  |TAMS 0x00000006d4600000, 0x00000006d4600000| Untracked 
| 165|0x00000006d4700000, 0x00000006d4700000, 0x00000006d4800000|  0%| F|  |TAMS 0x00000006d4700000, 0x00000006d4700000| Untracked 
| 166|0x00000006d4800000, 0x00000006d4800000, 0x00000006d4900000|  0%| F|  |TAMS 0x00000006d4800000, 0x00000006d4800000| Untracked 
| 167|0x00000006d4900000, 0x00000006d4900000, 0x00000006d4a00000|  0%| F|  |TAMS 0x00000006d4900000, 0x00000006d4900000| Untracked 
| 168|0x00000006d4a00000, 0x00000006d4a00000, 0x00000006d4b00000|  0%| F|  |TAMS 0x00000006d4a00000, 0x00000006d4a00000| Untracked 
| 169|0x00000006d4b00000, 0x00000006d4b00000, 0x00000006d4c00000|  0%| F|  |TAMS 0x00000006d4b00000, 0x00000006d4b00000| Untracked 
| 170|0x00000006d4c00000, 0x00000006d4c00000, 0x00000006d4d00000|  0%| F|  |TAMS 0x00000006d4c00000, 0x00000006d4c00000| Untracked 
| 171|0x00000006d4d00000, 0x00000006d4d00000, 0x00000006d4e00000|  0%| F|  |TAMS 0x00000006d4d00000, 0x00000006d4d00000| Untracked 
| 172|0x00000006d4e00000, 0x00000006d4e00000, 0x00000006d4f00000|  0%| F|  |TAMS 0x00000006d4e00000, 0x00000006d4e00000| Untracked 
| 173|0x00000006d4f00000, 0x00000006d4f00000, 0x00000006d5000000|  0%| F|  |TAMS 0x00000006d4f00000, 0x00000006d4f00000| Untracked 
| 174|0x00000006d5000000, 0x00000006d5000000, 0x00000006d5100000|  0%| F|  |TAMS 0x00000006d5000000, 0x00000006d5000000| Untracked 
| 175|0x00000006d5100000, 0x00000006d5100000, 0x00000006d5200000|  0%| F|  |TAMS 0x00000006d5100000, 0x00000006d5100000| Untracked 
| 176|0x00000006d5200000, 0x00000006d5200000, 0x00000006d5300000|  0%| F|  |TAMS 0x00000006d5200000, 0x00000006d5200000| Untracked 
| 177|0x00000006d5300000, 0x00000006d5300000, 0x00000006d5400000|  0%| F|  |TAMS 0x00000006d5300000, 0x00000006d5300000| Untracked 
| 178|0x00000006d5400000, 0x00000006d5400000, 0x00000006d5500000|  0%| F|  |TAMS 0x00000006d5400000, 0x00000006d5400000| Untracked 
| 179|0x00000006d5500000, 0x00000006d5500000, 0x00000006d5600000|  0%| F|  |TAMS 0x00000006d5500000, 0x00000006d5500000| Untracked 
| 180|0x00000006d5600000, 0x00000006d5600000, 0x00000006d5700000|  0%| F|  |TAMS 0x00000006d5600000, 0x00000006d5600000| Untracked 
| 181|0x00000006d5700000, 0x00000006d5700000, 0x00000006d5800000|  0%| F|  |TAMS 0x00000006d5700000, 0x00000006d5700000| Untracked 
| 182|0x00000006d5800000, 0x00000006d5800000, 0x00000006d5900000|  0%| F|  |TAMS 0x00000006d5800000, 0x00000006d5800000| Untracked 
| 183|0x00000006d5900000, 0x00000006d5900000, 0x00000006d5a00000|  0%| F|  |TAMS 0x00000006d5900000, 0x00000006d5900000| Untracked 
| 184|0x00000006d5a00000, 0x00000006d5a00000, 0x00000006d5b00000|  0%| F|  |TAMS 0x00000006d5a00000, 0x00000006d5a00000| Untracked 
| 185|0x00000006d5b00000, 0x00000006d5b00000, 0x00000006d5c00000|  0%| F|  |TAMS 0x00000006d5b00000, 0x00000006d5b00000| Untracked 
| 186|0x00000006d5c00000, 0x00000006d5c00000, 0x00000006d5d00000|  0%| F|  |TAMS 0x00000006d5c00000, 0x00000006d5c00000| Untracked 
| 187|0x00000006d5d00000, 0x00000006d5d00000, 0x00000006d5e00000|  0%| F|  |TAMS 0x00000006d5d00000, 0x00000006d5d00000| Untracked 
| 188|0x00000006d5e00000, 0x00000006d5e00000, 0x00000006d5f00000|  0%| F|  |TAMS 0x00000006d5e00000, 0x00000006d5e00000| Untracked 
| 189|0x00000006d5f00000, 0x00000006d5f00000, 0x00000006d6000000|  0%| F|  |TAMS 0x00000006d5f00000, 0x00000006d5f00000| Untracked 
| 190|0x00000006d6000000, 0x00000006d6000000, 0x00000006d6100000|  0%| F|  |TAMS 0x00000006d6000000, 0x00000006d6000000| Untracked 
| 191|0x00000006d6100000, 0x00000006d6100000, 0x00000006d6200000|  0%| F|  |TAMS 0x00000006d6100000, 0x00000006d6100000| Untracked 
| 192|0x00000006d6200000, 0x00000006d6200000, 0x00000006d6300000|  0%| F|  |TAMS 0x00000006d6200000, 0x00000006d6200000| Untracked 
| 193|0x00000006d6300000, 0x00000006d6300000, 0x00000006d6400000|  0%| F|  |TAMS 0x00000006d6300000, 0x00000006d6300000| Untracked 
| 194|0x00000006d6400000, 0x00000006d6400000, 0x00000006d6500000|  0%| F|  |TAMS 0x00000006d6400000, 0x00000006d6400000| Untracked 
| 195|0x00000006d6500000, 0x00000006d6500000, 0x00000006d6600000|  0%| F|  |TAMS 0x00000006d6500000, 0x00000006d6500000| Untracked 
| 196|0x00000006d6600000, 0x00000006d6600000, 0x00000006d6700000|  0%| F|  |TAMS 0x00000006d6600000, 0x00000006d6600000| Untracked 
| 197|0x00000006d6700000, 0x00000006d6700000, 0x00000006d6800000|  0%| F|  |TAMS 0x00000006d6700000, 0x00000006d6700000| Untracked 
| 198|0x00000006d6800000, 0x00000006d6800000, 0x00000006d6900000|  0%| F|  |TAMS 0x00000006d6800000, 0x00000006d6800000| Untracked 
| 199|0x00000006d6900000, 0x00000006d6900000, 0x00000006d6a00000|  0%| F|  |TAMS 0x00000006d6900000, 0x00000006d6900000| Untracked 
| 200|0x00000006d6a00000, 0x00000006d6a00000, 0x00000006d6b00000|  0%| F|  |TAMS 0x00000006d6a00000, 0x00000006d6a00000| Untracked 
| 201|0x00000006d6b00000, 0x00000006d6b00000, 0x00000006d6c00000|  0%| F|  |TAMS 0x00000006d6b00000, 0x00000006d6b00000| Untracked 
| 202|0x00000006d6c00000, 0x00000006d6c00000, 0x00000006d6d00000|  0%| F|  |TAMS 0x00000006d6c00000, 0x00000006d6c00000| Untracked 
| 203|0x00000006d6d00000, 0x00000006d6d00000, 0x00000006d6e00000|  0%| F|  |TAMS 0x00000006d6d00000, 0x00000006d6d00000| Untracked 
| 204|0x00000006d6e00000, 0x00000006d6e00000, 0x00000006d6f00000|  0%| F|  |TAMS 0x00000006d6e00000, 0x00000006d6e00000| Untracked 
| 205|0x00000006d6f00000, 0x00000006d6f00000, 0x00000006d7000000|  0%| F|  |TAMS 0x00000006d6f00000, 0x00000006d6f00000| Untracked 
| 206|0x00000006d7000000, 0x00000006d7000000, 0x00000006d7100000|  0%| F|  |TAMS 0x00000006d7000000, 0x00000006d7000000| Untracked 
| 207|0x00000006d7100000, 0x00000006d7100000, 0x00000006d7200000|  0%| F|  |TAMS 0x00000006d7100000, 0x00000006d7100000| Untracked 
| 208|0x00000006d7200000, 0x00000006d7200000, 0x00000006d7300000|  0%| F|  |TAMS 0x00000006d7200000, 0x00000006d7200000| Untracked 
| 209|0x00000006d7300000, 0x00000006d7300000, 0x00000006d7400000|  0%| F|  |TAMS 0x00000006d7300000, 0x00000006d7300000| Untracked 
| 210|0x00000006d7400000, 0x00000006d7400000, 0x00000006d7500000|  0%| F|  |TAMS 0x00000006d7400000, 0x00000006d7400000| Untracked 
| 211|0x00000006d7500000, 0x00000006d7500000, 0x00000006d7600000|  0%| F|  |TAMS 0x00000006d7500000, 0x00000006d7500000| Untracked 
| 212|0x00000006d7600000, 0x00000006d7600000, 0x00000006d7700000|  0%| F|  |TAMS 0x00000006d7600000, 0x00000006d7600000| Untracked 
| 213|0x00000006d7700000, 0x00000006d7700000, 0x00000006d7800000|  0%| F|  |TAMS 0x00000006d7700000, 0x00000006d7700000| Untracked 
| 214|0x00000006d7800000, 0x00000006d7800000, 0x00000006d7900000|  0%| F|  |TAMS 0x00000006d7800000, 0x00000006d7800000| Untracked 
| 215|0x00000006d7900000, 0x00000006d7900000, 0x00000006d7a00000|  0%| F|  |TAMS 0x00000006d7900000, 0x00000006d7900000| Untracked 
| 216|0x00000006d7a00000, 0x00000006d7a00000, 0x00000006d7b00000|  0%| F|  |TAMS 0x00000006d7a00000, 0x00000006d7a00000| Untracked 
| 217|0x00000006d7b00000, 0x00000006d7b00000, 0x00000006d7c00000|  0%| F|  |TAMS 0x00000006d7b00000, 0x00000006d7b00000| Untracked 
| 218|0x00000006d7c00000, 0x00000006d7c00000, 0x00000006d7d00000|  0%| F|  |TAMS 0x00000006d7c00000, 0x00000006d7c00000| Untracked 
| 219|0x00000006d7d00000, 0x00000006d7d00000, 0x00000006d7e00000|  0%| F|  |TAMS 0x00000006d7d00000, 0x00000006d7d00000| Untracked 
| 220|0x00000006d7e00000, 0x00000006d7e00000, 0x00000006d7f00000|  0%| F|  |TAMS 0x00000006d7e00000, 0x00000006d7e00000| Untracked 
| 221|0x00000006d7f00000, 0x00000006d7f00000, 0x00000006d8000000|  0%| F|  |TAMS 0x00000006d7f00000, 0x00000006d7f00000| Untracked 
| 222|0x00000006d8000000, 0x00000006d8000000, 0x00000006d8100000|  0%| F|  |TAMS 0x00000006d8000000, 0x00000006d8000000| Untracked 
| 223|0x00000006d8100000, 0x00000006d8100000, 0x00000006d8200000|  0%| F|  |TAMS 0x00000006d8100000, 0x00000006d8100000| Untracked 
| 224|0x00000006d8200000, 0x00000006d8200000, 0x00000006d8300000|  0%| F|  |TAMS 0x00000006d8200000, 0x00000006d8200000| Untracked 
| 225|0x00000006d8300000, 0x00000006d8300000, 0x00000006d8400000|  0%| F|  |TAMS 0x00000006d8300000, 0x00000006d8300000| Untracked 
| 226|0x00000006d8400000, 0x00000006d8400000, 0x00000006d8500000|  0%| F|  |TAMS 0x00000006d8400000, 0x00000006d8400000| Untracked 
| 227|0x00000006d8500000, 0x00000006d8500000, 0x00000006d8600000|  0%| F|  |TAMS 0x00000006d8500000, 0x00000006d8500000| Untracked 
| 228|0x00000006d8600000, 0x00000006d8600000, 0x00000006d8700000|  0%| F|  |TAMS 0x00000006d8600000, 0x00000006d8600000| Untracked 
| 229|0x00000006d8700000, 0x00000006d8700000, 0x00000006d8800000|  0%| F|  |TAMS 0x00000006d8700000, 0x00000006d8700000| Untracked 
| 230|0x00000006d8800000, 0x00000006d8800000, 0x00000006d8900000|  0%| F|  |TAMS 0x00000006d8800000, 0x00000006d8800000| Untracked 
| 231|0x00000006d8900000, 0x00000006d8900000, 0x00000006d8a00000|  0%| F|  |TAMS 0x00000006d8900000, 0x00000006d8900000| Untracked 
| 232|0x00000006d8a00000, 0x00000006d8a00000, 0x00000006d8b00000|  0%| F|  |TAMS 0x00000006d8a00000, 0x00000006d8a00000| Untracked 
| 233|0x00000006d8b00000, 0x00000006d8b00000, 0x00000006d8c00000|  0%| F|  |TAMS 0x00000006d8b00000, 0x00000006d8b00000| Untracked 
| 234|0x00000006d8c00000, 0x00000006d8c00000, 0x00000006d8d00000|  0%| F|  |TAMS 0x00000006d8c00000, 0x00000006d8c00000| Untracked 
| 235|0x00000006d8d00000, 0x00000006d8d00000, 0x00000006d8e00000|  0%| F|  |TAMS 0x00000006d8d00000, 0x00000006d8d00000| Untracked 
| 236|0x00000006d8e00000, 0x00000006d8e00000, 0x00000006d8f00000|  0%| F|  |TAMS 0x00000006d8e00000, 0x00000006d8e00000| Untracked 
| 237|0x00000006d8f00000, 0x00000006d8f00000, 0x00000006d9000000|  0%| F|  |TAMS 0x00000006d8f00000, 0x00000006d8f00000| Untracked 
| 238|0x00000006d9000000, 0x00000006d9000000, 0x00000006d9100000|  0%| F|  |TAMS 0x00000006d9000000, 0x00000006d9000000| Untracked 
| 239|0x00000006d9100000, 0x00000006d9100000, 0x00000006d9200000|  0%| F|  |TAMS 0x00000006d9100000, 0x00000006d9100000| Untracked 
| 240|0x00000006d9200000, 0x00000006d9200000, 0x00000006d9300000|  0%| F|  |TAMS 0x00000006d9200000, 0x00000006d9200000| Untracked 
| 241|0x00000006d9300000, 0x00000006d9300000, 0x00000006d9400000|  0%| F|  |TAMS 0x00000006d9300000, 0x00000006d9300000| Untracked 
| 242|0x00000006d9400000, 0x00000006d9500000, 0x00000006d9500000|100%| E|  |TAMS 0x00000006d9400000, 0x00000006d9400000| Complete 
| 243|0x00000006d9500000, 0x00000006d9600000, 0x00000006d9600000|100%| E|CS|TAMS 0x00000006d9500000, 0x00000006d9500000| Complete 
| 244|0x00000006d9600000, 0x00000006d9700000, 0x00000006d9700000|100%| E|CS|TAMS 0x00000006d9600000, 0x00000006d9600000| Complete 
| 245|0x00000006d9700000, 0x00000006d9800000, 0x00000006d9800000|100%| E|CS|TAMS 0x00000006d9700000, 0x00000006d9700000| Complete 
| 246|0x00000006d9800000, 0x00000006d9900000, 0x00000006d9900000|100%| E|CS|TAMS 0x00000006d9800000, 0x00000006d9800000| Complete 
| 247|0x00000006d9900000, 0x00000006d9a00000, 0x00000006d9a00000|100%| E|CS|TAMS 0x00000006d9900000, 0x00000006d9900000| Complete 
| 248|0x00000006d9a00000, 0x00000006d9b00000, 0x00000006d9b00000|100%| E|CS|TAMS 0x00000006d9a00000, 0x00000006d9a00000| Complete 
| 249|0x00000006d9b00000, 0x00000006d9c00000, 0x00000006d9c00000|100%| E|CS|TAMS 0x00000006d9b00000, 0x00000006d9b00000| Complete 
| 250|0x00000006d9c00000, 0x00000006d9d00000, 0x00000006d9d00000|100%| E|CS|TAMS 0x00000006d9c00000, 0x00000006d9c00000| Complete 
| 251|0x00000006d9d00000, 0x00000006d9e00000, 0x00000006d9e00000|100%| E|CS|TAMS 0x00000006d9d00000, 0x00000006d9d00000| Complete 
| 252|0x00000006d9e00000, 0x00000006d9f00000, 0x00000006d9f00000|100%| E|CS|TAMS 0x00000006d9e00000, 0x00000006d9e00000| Complete 
| 253|0x00000006d9f00000, 0x00000006da000000, 0x00000006da000000|100%| E|CS|TAMS 0x00000006d9f00000, 0x00000006d9f00000| Complete 
| 254|0x00000006da000000, 0x00000006da100000, 0x00000006da100000|100%| E|CS|TAMS 0x00000006da000000, 0x00000006da000000| Complete 
| 255|0x00000006da100000, 0x00000006da200000, 0x00000006da200000|100%| E|CS|TAMS 0x00000006da100000, 0x00000006da100000| Complete 
| 256|0x00000006da200000, 0x00000006da300000, 0x00000006da300000|100%| E|CS|TAMS 0x00000006da200000, 0x00000006da200000| Complete 
| 257|0x00000006da300000, 0x00000006da400000, 0x00000006da400000|100%| E|CS|TAMS 0x00000006da300000, 0x00000006da300000| Complete 
| 258|0x00000006da400000, 0x00000006da500000, 0x00000006da500000|100%| E|CS|TAMS 0x00000006da400000, 0x00000006da400000| Complete 
| 259|0x00000006da500000, 0x00000006da600000, 0x00000006da600000|100%| E|CS|TAMS 0x00000006da500000, 0x00000006da500000| Complete 
| 260|0x00000006da600000, 0x00000006da700000, 0x00000006da700000|100%| E|CS|TAMS 0x00000006da600000, 0x00000006da600000| Complete 
| 261|0x00000006da700000, 0x00000006da800000, 0x00000006da800000|100%| E|CS|TAMS 0x00000006da700000, 0x00000006da700000| Complete 
| 262|0x00000006da800000, 0x00000006da900000, 0x00000006da900000|100%| E|CS|TAMS 0x00000006da800000, 0x00000006da800000| Complete 
| 263|0x00000006da900000, 0x00000006daa00000, 0x00000006daa00000|100%| E|CS|TAMS 0x00000006da900000, 0x00000006da900000| Complete 
| 264|0x00000006daa00000, 0x00000006dab00000, 0x00000006dab00000|100%| E|CS|TAMS 0x00000006daa00000, 0x00000006daa00000| Complete 
| 265|0x00000006dab00000, 0x00000006dac00000, 0x00000006dac00000|100%| E|CS|TAMS 0x00000006dab00000, 0x00000006dab00000| Complete 
| 266|0x00000006dac00000, 0x00000006dad00000, 0x00000006dad00000|100%| E|CS|TAMS 0x00000006dac00000, 0x00000006dac00000| Complete 
| 267|0x00000006dad00000, 0x00000006dae00000, 0x00000006dae00000|100%| E|CS|TAMS 0x00000006dad00000, 0x00000006dad00000| Complete 
| 268|0x00000006dae00000, 0x00000006daf00000, 0x00000006daf00000|100%| E|CS|TAMS 0x00000006dae00000, 0x00000006dae00000| Complete 
| 269|0x00000006daf00000, 0x00000006db000000, 0x00000006db000000|100%| E|CS|TAMS 0x00000006daf00000, 0x00000006daf00000| Complete 
| 270|0x00000006db000000, 0x00000006db100000, 0x00000006db100000|100%| E|CS|TAMS 0x00000006db000000, 0x00000006db000000| Complete 
| 271|0x00000006db100000, 0x00000006db200000, 0x00000006db200000|100%| E|CS|TAMS 0x00000006db100000, 0x00000006db100000| Complete 
| 272|0x00000006db200000, 0x00000006db300000, 0x00000006db300000|100%| E|CS|TAMS 0x00000006db200000, 0x00000006db200000| Complete 
| 273|0x00000006db300000, 0x00000006db400000, 0x00000006db400000|100%| E|CS|TAMS 0x00000006db300000, 0x00000006db300000| Complete 
| 274|0x00000006db400000, 0x00000006db500000, 0x00000006db500000|100%| E|CS|TAMS 0x00000006db400000, 0x00000006db400000| Complete 
| 275|0x00000006db500000, 0x00000006db600000, 0x00000006db600000|100%| E|CS|TAMS 0x00000006db500000, 0x00000006db500000| Complete 
| 276|0x00000006db600000, 0x00000006db700000, 0x00000006db700000|100%| E|CS|TAMS 0x00000006db600000, 0x00000006db600000| Complete 
| 277|0x00000006db700000, 0x00000006db800000, 0x00000006db800000|100%| E|CS|TAMS 0x00000006db700000, 0x00000006db700000| Complete 
| 278|0x00000006db800000, 0x00000006db900000, 0x00000006db900000|100%| E|CS|TAMS 0x00000006db800000, 0x00000006db800000| Complete 
| 279|0x00000006db900000, 0x00000006dba00000, 0x00000006dba00000|100%| E|CS|TAMS 0x00000006db900000, 0x00000006db900000| Complete 
| 280|0x00000006dba00000, 0x00000006dbb00000, 0x00000006dbb00000|100%| E|CS|TAMS 0x00000006dba00000, 0x00000006dba00000| Complete 
| 281|0x00000006dbb00000, 0x00000006dbc00000, 0x00000006dbc00000|100%| E|CS|TAMS 0x00000006dbb00000, 0x00000006dbb00000| Complete 
| 282|0x00000006dbc00000, 0x00000006dbd00000, 0x00000006dbd00000|100%| E|CS|TAMS 0x00000006dbc00000, 0x00000006dbc00000| Complete 
| 283|0x00000006dbd00000, 0x00000006dbe00000, 0x00000006dbe00000|100%| S|CS|TAMS 0x00000006dbd00000, 0x00000006dbd00000| Complete 
| 284|0x00000006dbe00000, 0x00000006dbf00000, 0x00000006dbf00000|100%| S|CS|TAMS 0x00000006dbe00000, 0x00000006dbe00000| Complete 
| 285|0x00000006dbf00000, 0x00000006dc000000, 0x00000006dc000000|100%| S|CS|TAMS 0x00000006dbf00000, 0x00000006dbf00000| Complete 
| 286|0x00000006dc000000, 0x00000006dc100000, 0x00000006dc100000|100%| E|CS|TAMS 0x00000006dc000000, 0x00000006dc000000| Complete 
| 287|0x00000006dc100000, 0x00000006dc200000, 0x00000006dc200000|100%| E|CS|TAMS 0x00000006dc100000, 0x00000006dc100000| Complete 
| 288|0x00000006dc200000, 0x00000006dc300000, 0x00000006dc300000|100%| E|CS|TAMS 0x00000006dc200000, 0x00000006dc200000| Complete 
| 289|0x00000006dc300000, 0x00000006dc400000, 0x00000006dc400000|100%| E|CS|TAMS 0x00000006dc300000, 0x00000006dc300000| Complete 
| 290|0x00000006dc400000, 0x00000006dc500000, 0x00000006dc500000|100%| E|CS|TAMS 0x00000006dc400000, 0x00000006dc400000| Complete 
| 291|0x00000006dc500000, 0x00000006dc600000, 0x00000006dc600000|100%| E|CS|TAMS 0x00000006dc500000, 0x00000006dc500000| Complete 
| 292|0x00000006dc600000, 0x00000006dc700000, 0x00000006dc700000|100%| E|CS|TAMS 0x00000006dc600000, 0x00000006dc600000| Complete 
| 293|0x00000006dc700000, 0x00000006dc800000, 0x00000006dc800000|100%| E|CS|TAMS 0x00000006dc700000, 0x00000006dc700000| Complete 
| 294|0x00000006dc800000, 0x00000006dc900000, 0x00000006dc900000|100%| E|CS|TAMS 0x00000006dc800000, 0x00000006dc800000| Complete 
| 295|0x00000006dc900000, 0x00000006dca00000, 0x00000006dca00000|100%| E|CS|TAMS 0x00000006dc900000, 0x00000006dc900000| Complete 
| 296|0x00000006dca00000, 0x00000006dcb00000, 0x00000006dcb00000|100%| E|CS|TAMS 0x00000006dca00000, 0x00000006dca00000| Complete 
| 297|0x00000006dcb00000, 0x00000006dcc00000, 0x00000006dcc00000|100%| E|CS|TAMS 0x00000006dcb00000, 0x00000006dcb00000| Complete 
| 298|0x00000006dcc00000, 0x00000006dcd00000, 0x00000006dcd00000|100%| E|CS|TAMS 0x00000006dcc00000, 0x00000006dcc00000| Complete 
| 299|0x00000006dcd00000, 0x00000006dce00000, 0x00000006dce00000|100%| E|CS|TAMS 0x00000006dcd00000, 0x00000006dcd00000| Complete 
| 300|0x00000006dce00000, 0x00000006dcf00000, 0x00000006dcf00000|100%| E|CS|TAMS 0x00000006dce00000, 0x00000006dce00000| Complete 
| 301|0x00000006dcf00000, 0x00000006dd000000, 0x00000006dd000000|100%| E|CS|TAMS 0x00000006dcf00000, 0x00000006dcf00000| Complete 
| 302|0x00000006dd000000, 0x00000006dd100000, 0x00000006dd100000|100%| E|CS|TAMS 0x00000006dd000000, 0x00000006dd000000| Complete 
| 303|0x00000006dd100000, 0x00000006dd200000, 0x00000006dd200000|100%| E|CS|TAMS 0x00000006dd100000, 0x00000006dd100000| Complete 
| 304|0x00000006dd200000, 0x00000006dd300000, 0x00000006dd300000|100%| E|CS|TAMS 0x00000006dd200000, 0x00000006dd200000| Complete 
| 305|0x00000006dd300000, 0x00000006dd400000, 0x00000006dd400000|100%| E|CS|TAMS 0x00000006dd300000, 0x00000006dd300000| Complete 
| 306|0x00000006dd400000, 0x00000006dd500000, 0x00000006dd500000|100%| E|CS|TAMS 0x00000006dd400000, 0x00000006dd400000| Complete 
| 307|0x00000006dd500000, 0x00000006dd600000, 0x00000006dd600000|100%| E|CS|TAMS 0x00000006dd500000, 0x00000006dd500000| Complete 
| 308|0x00000006dd600000, 0x00000006dd700000, 0x00000006dd700000|100%| E|CS|TAMS 0x00000006dd600000, 0x00000006dd600000| Complete 
| 309|0x00000006dd700000, 0x00000006dd800000, 0x00000006dd800000|100%| E|CS|TAMS 0x00000006dd700000, 0x00000006dd700000| Complete 

Card table byte_map: [0x0000020756d10000,0x00000207576c0000] _byte_map_base: 0x00000207536bf000

Marking Bits (Prev, Next): (CMBitMap*) 0x000002073c9ec788, (CMBitMap*) 0x000002073c9ec7c0
 Prev Bits: [0x0000020758070000, 0x000002075cde8000)
 Next Bits: [0x000002075cdf0000, 0x0000020761b68000)

Polling page: 0x000002073caf0000

Metaspace:

Usage:
  Non-class:     16.94 MB capacity,    16.50 MB ( 97%) used,   369.93 KB (  2%) free+waste,    72.19 KB ( <1%) overhead. 
      Class:      2.69 MB capacity,     2.43 MB ( 90%) used,   226.76 KB (  8%) free+waste,    36.88 KB (  1%) overhead. 
       Both:     19.62 MB capacity,    18.93 MB ( 96%) used,   596.69 KB (  3%) free+waste,   109.06 KB ( <1%) overhead. 

Virtual space:
  Non-class space:       18.00 MB reserved,      17.00 MB ( 94%) committed 
      Class space:        1.00 GB reserved,       2.75 MB ( <1%) committed 
             Both:        1.02 GB reserved,      19.75 MB (  2%) committed 

Chunk freelists:
   Non-Class:  128 bytes
       Class:  128 bytes
        Both:  256 bytes

CodeHeap 'non-profiled nmethods': size=120000Kb used=663Kb max_used=663Kb free=119336Kb
 bounds [0x000002074eb00000, 0x000002074ed70000, 0x0000020756030000]
CodeHeap 'profiled nmethods': size=120000Kb used=3301Kb max_used=3301Kb free=116698Kb
 bounds [0x00000207475d0000, 0x0000020747910000, 0x000002074eb00000]
CodeHeap 'non-nmethods': size=5760Kb used=1131Kb max_used=1153Kb free=4628Kb
 bounds [0x0000020747030000, 0x00000207472a0000, 0x00000207475d0000]
 total_blobs=2119 nmethods=1674 adapters=356
 compilation: enabled
              stopped_count=0, restarted_count=0
 full_count=0

Compilation events (10 events):
Event: 1.618 Thread 0x0000020765076800 nmethod 1634 0x00000207478e2c90 code [0x00000207478e2f20, 0x00000207478e3aa8]
Event: 1.618 Thread 0x0000020765076800 1637       3       java.util.ImmutableCollections$List12::size (13 bytes)
Event: 1.618 Thread 0x0000020765076800 nmethod 1637 0x00000207478e3e10 code [0x00000207478e3fc0, 0x00000207478e4138]
Event: 1.618 Thread 0x0000020765076800 1636       3       java.lang.invoke.LambdaForm::expressionCount (11 bytes)
Event: 1.618 Thread 0x0000020765076800 nmethod 1636 0x00000207478e4210 code [0x00000207478e43a0, 0x00000207478e44b8]
Event: 1.618 Thread 0x0000020765076800 1638       3       jdk.internal.org.objectweb.asm.Type::getArgumentTypes (131 bytes)
Event: 1.618 Thread 0x0000020765076800 nmethod 1638 0x00000207478e4590 code [0x00000207478e47e0, 0x00000207478e5348]
Event: 1.619 Thread 0x0000020765076800 1640       3       sun.invoke.util.Wrapper::isDoubleWord (15 bytes)
Event: 1.619 Thread 0x0000020765076800 nmethod 1640 0x00000207478e5710 code [0x00000207478e58a0, 0x00000207478e59f8]
Event: 1.619 Thread 0x0000020765076800 1641       3       java.util.Arrays::rangeCheck (74 bytes)

GC Heap History (2 events):
Event: 0.692 GC heap before
{Heap before GC invocations=0 (full 0):
 garbage-first heap   total 317440K, used 26624K [0x00000006ca200000, 0x0000000800000000)
  region size 1024K, 24 young (24576K), 0 survivors (0K)
 Metaspace       used 10183K, capacity 10432K, committed 10624K, reserved 1058816K
  class space    used 969K, capacity 1052K, committed 1152K, reserved 1048576K
}
Event: 0.697 GC heap after
{Heap after GC invocations=1 (full 0):
 garbage-first heap   total 317440K, used 11034K [0x00000006ca200000, 0x0000000800000000)
  region size 1024K, 3 young (3072K), 3 survivors (3072K)
 Metaspace       used 10183K, capacity 10432K, committed 10624K, reserved 1058816K
  class space    used 969K, capacity 1052K, committed 1152K, reserved 1048576K
}

Deoptimization events (10 events):
Event: 0.819 Thread 0x000002073ebbd000 Uncommon trap: reason=bimorphic_or_optimized_type_check action=maybe_recompile pc=0x000002074eb4535c method=java.util.HashMap.putVal(ILjava/lang/Object;Ljava/lang/Object;ZZ)Ljava/lang/Object; @ 91 c2
Event: 0.819 Thread 0x000002073ebbd000 Uncommon trap: reason=bimorphic_or_optimized_type_check action=maybe_recompile pc=0x000002074eb4535c method=java.util.HashMap.putVal(ILjava/lang/Object;Ljava/lang/Object;ZZ)Ljava/lang/Object; @ 91 c2
Event: 0.821 Thread 0x000002073ebbd000 Uncommon trap: reason=bimorphic_or_optimized_type_check action=maybe_recompile pc=0x000002074eb4535c method=java.util.HashMap.putVal(ILjava/lang/Object;Ljava/lang/Object;ZZ)Ljava/lang/Object; @ 91 c2
Event: 0.821 Thread 0x000002073ebbd000 Uncommon trap: reason=bimorphic_or_optimized_type_check action=maybe_recompile pc=0x000002074eb4535c method=java.util.HashMap.putVal(ILjava/lang/Object;Ljava/lang/Object;ZZ)Ljava/lang/Object; @ 91 c2
Event: 1.010 Thread 0x000002073ebbd000 Uncommon trap: reason=unstable_if action=reinterpret pc=0x000002074eb5ff9c method=java.util.concurrent.ConcurrentHashMap.get(Ljava/lang/Object;)Ljava/lang/Object; @ 76 c2
Event: 1.180 Thread 0x000002073ebbd000 Uncommon trap: reason=unstable_if action=reinterpret pc=0x000002074eb404b4 method=sun.reflect.generics.parser.SignatureParser.current()C @ 39 c2
Event: 1.331 Thread 0x000002073ebbd000 Uncommon trap: reason=bimorphic_or_optimized_type_check action=maybe_recompile pc=0x000002074eb51b3c method=java.util.HashMap.getNode(ILjava/lang/Object;)Ljava/util/HashMap$Node; @ 126 c2
Event: 1.464 Thread 0x000002073ebbd000 Uncommon trap: reason=bimorphic_or_optimized_type_check action=maybe_recompile pc=0x000002074eb82460 method=java.util.HashMap.getNode(ILjava/lang/Object;)Ljava/util/HashMap$Node; @ 126 c2
Event: 1.549 Thread 0x000002073ebbd000 Uncommon trap: reason=unstable_if action=reinterpret pc=0x000002074eb13ce4 method=java.lang.CharacterData.of(I)Ljava/lang/CharacterData; @ 4 c2
Event: 1.552 Thread 0x000002073ebbd000 Uncommon trap: reason=unstable_if action=reinterpret pc=0x000002074eb09f9c method=java.lang.String.isLatin1()Z @ 10 c2

Classes redefined (0 events):
No events

Internal exceptions (10 events):
Event: 0.934 Thread 0x000002073ebbd000 Exception <a 'java/lang/IncompatibleClassChangeError'{0x00000006dc901200}: Found class java.lang.Object, but interface was expected> (0x00000006dc901200) thrown at [./open/src/hotspot/share/interpreter/linkResolver.cpp, line 838]
Event: 0.947 Thread 0x000002073ebbd000 Exception <a 'java/lang/NoSuchMethodError'{0x00000006dc985670}: java.lang.invoke.DirectMethodHandle$Holder.invokeInterface(Ljava/lang/Object;Ljava/lang/Object;)I> (0x00000006dc985670) thrown at [./open/src/hotspot/share/interpreter/linkResolver.cpp, line 
Event: 1.015 Thread 0x000002073ebbd000 Exception <a 'java/lang/NoSuchMethodError'{0x00000006dc4e0cc8}: java.lang.invoke.DirectMethodHandle$Holder.invokeStaticInit(Ljava/lang/Object;Ljava/lang/Object;Ljava/lang/Object;Ljava/lang/Object;)I> (0x00000006dc4e0cc8) thrown at [./open/src/hotspot/shar
Event: 1.016 Thread 0x000002073ebbd000 Exception <a 'java/lang/IncompatibleClassChangeError'{0x00000006dc4e9c38}: Found class java.lang.Object, but interface was expected> (0x00000006dc4e9c38) thrown at [./open/src/hotspot/share/interpreter/linkResolver.cpp, line 838]
Event: 1.016 Thread 0x000002073ebbd000 Exception <a 'java/lang/NoSuchMethodError'{0x00000006dc4ecf78}: java.lang.invoke.DirectMethodHandle$Holder.invokeStaticInit(Ljava/lang/Object;Ljava/lang/Object;)V> (0x00000006dc4ecf78) thrown at [./open/src/hotspot/share/interpreter/linkResolver.cpp, line
Event: 1.275 Thread 0x000002073ebbd000 Exception <a 'java/lang/ClassNotFoundException'{0x00000006dab7d9b8}: java/lang/ClassLoader$ByteBuddyAccessor$V1> (0x00000006dab7d9b8) thrown at [./open/src/hotspot/share/classfile/systemDictionary.cpp, line 228]
Event: 1.607 Thread 0x000002073ebbd000 Exception <a 'java/lang/NoSuchMethodError'{0x00000006d96887d8}: java.lang.invoke.DirectMethodHandle$Holder.invokeStatic(Ljava/lang/Object;Ljava/lang/Object;Ljava/lang/Object;Ljava/lang/Object;Ljava/lang/Object;Ljava/lang/Object;Ljava/lang/Object;Ljava/lan
Event: 1.608 Thread 0x000002073ebbd000 Exception <a 'java/lang/NoSuchMethodError'{0x00000006d9696a10}: java.lang.invoke.DirectMethodHandle$Holder.invokeStatic(Ljava/lang/Object;Ljava/lang/Object;Ljava/lang/Object;Ljava/lang/Object;Ljava/lang/Object;Ljava/lang/Object;Ljava/lang/Object;Ljava/lan
Event: 1.610 Thread 0x000002073ebbd000 Exception <a 'java/lang/NoSuchMethodError'{0x00000006d96a57c8}: java.lang.invoke.DirectMethodHandle$Holder.invokeSpecial(Ljava/lang/Object;Ljava/lang/Object;IILjava/lang/Object;Ljava/lang/Object;Ljava/lang/Object;Ljava/lang/Object;Ljava/lang/Object;)Ljava
Event: 1.610 Thread 0x000002073ebbd000 Exception <a 'java/lang/NoSuchMethodError'{0x00000006d96a96f8}: java.lang.invoke.DelegatingMethodHandle$Holder.reinvoke_L(Ljava/lang/Object;IILjava/lang/Object;Ljava/lang/Object;Ljava/lang/Object;Ljava/lang/Object;Ljava/lang/Object;)Ljava/lang/Object;> (0

Events (10 events):
Event: 1.608 loading class java/lang/invoke/BoundMethodHandle$Species_LLLLLLLLLLLLL
Event: 1.608 loading class java/lang/invoke/BoundMethodHandle$Species_LLLLLLLLLLLLL done
Event: 1.614 loading class java/lang/invoke/BoundMethodHandle$Species_LLLLLLLLLLLI
Event: 1.614 loading class java/lang/invoke/BoundMethodHandle$Species_LLLLLLLLLLLI done
Event: 1.614 loading class java/lang/invoke/ClassSpecializer$Factory$1Var
Event: 1.614 loading class java/lang/invoke/ClassSpecializer$Factory$1Var done
Event: 1.616 loading class java/lang/invoke/BoundMethodHandle$Species_LLLLLLLLLLLII
Event: 1.616 loading class java/lang/invoke/BoundMethodHandle$Species_LLLLLLLLLLLII done
Event: 1.618 loading class com/wmm/api/tags/domain/vo/ThresholdPeriod
Event: 1.618 loading class com/wmm/api/tags/domain/vo/ThresholdPeriod done


Dynamic libraries:
0x00007ff783070000 - 0x00007ff78307f000 	C:\Program Files\Java\jdk-11.0.10\bin\java.exe
0x00007ffa0c740000 - 0x00007ffa0c949000 	C:\WINDOWS\SYSTEM32\ntdll.dll
0x00007ff9e0040000 - 0x00007ff9e0056000 	C:\Program Files\Avast Software\Avast\aswhook.dll
0x00007ffa0b6d0000 - 0x00007ffa0b78d000 	C:\WINDOWS\System32\KERNEL32.DLL
0x00007ffa09d70000 - 0x00007ffa0a0e9000 	C:\WINDOWS\System32\KERNELBASE.dll
0x00007ffa09c50000 - 0x00007ffa09d61000 	C:\WINDOWS\System32\ucrtbase.dll
0x00007ff9f6d00000 - 0x00007ff9f6d15000 	C:\Program Files\Java\jdk-11.0.10\bin\VCRUNTIME140.dll
0x00007ff9fc510000 - 0x00007ff9fc528000 	C:\Program Files\Java\jdk-11.0.10\bin\jli.dll
0x00007ffa0b060000 - 0x00007ffa0b10e000 	C:\WINDOWS\System32\ADVAPI32.dll
0x00007ffa0bf30000 - 0x00007ffa0bfd3000 	C:\WINDOWS\System32\msvcrt.dll
0x00007ffa0be90000 - 0x00007ffa0bf2e000 	C:\WINDOWS\System32\sechost.dll
0x00007ffa0b9e0000 - 0x00007ffa0bb00000 	C:\WINDOWS\System32\RPCRT4.dll
0x00007ffa0c550000 - 0x00007ffa0c6fc000 	C:\WINDOWS\System32\USER32.dll
0x00007ffa09c20000 - 0x00007ffa09c46000 	C:\WINDOWS\System32\win32u.dll
0x00007ffa0b930000 - 0x00007ffa0b959000 	C:\WINDOWS\System32\GDI32.dll
0x00007ffa0a4b0000 - 0x00007ffa0a5c2000 	C:\WINDOWS\System32\gdi32full.dll
0x00007ffa0a2a0000 - 0x00007ffa0a33d000 	C:\WINDOWS\System32\msvcp_win.dll
0x00007ff9e6850000 - 0x00007ff9e6af5000 	C:\WINDOWS\WinSxS\amd64_microsoft.windows.common-controls_6595b64144ccf1df_6.0.22000.120_none_9d947278b86cc467\COMCTL32.dll
0x00007ffa01a10000 - 0x00007ffa01a1a000 	C:\WINDOWS\SYSTEM32\VERSION.dll
0x00007ffa0a5d0000 - 0x00007ffa0a601000 	C:\WINDOWS\System32\IMM32.DLL
0x00007ff9f6990000 - 0x00007ff9f6a2b000 	C:\Program Files\Java\jdk-11.0.10\bin\msvcp140.dll
0x00007ff973930000 - 0x00007ff97442b000 	C:\Program Files\Java\jdk-11.0.10\bin\server\jvm.dll
0x00007ffa0c540000 - 0x00007ffa0c548000 	C:\WINDOWS\System32\PSAPI.DLL
0x00007ffa03c20000 - 0x00007ffa03c53000 	C:\WINDOWS\SYSTEM32\WINMM.dll
0x00007ff9fd880000 - 0x00007ff9fd889000 	C:\WINDOWS\SYSTEM32\WSOCK32.dll
0x00007ffa0bfe0000 - 0x00007ffa0c04f000 	C:\WINDOWS\System32\WS2_32.dll
0x00007ffa08c80000 - 0x00007ffa08c98000 	C:\WINDOWS\SYSTEM32\kernel.appcore.dll
0x00007ffa05e90000 - 0x00007ffa05ea0000 	C:\Program Files\Java\jdk-11.0.10\bin\verify.dll
0x00007ffa07990000 - 0x00007ffa07bb1000 	C:\WINDOWS\SYSTEM32\DBGHELP.DLL
0x00007ff9fd7d0000 - 0x00007ff9fd801000 	C:\WINDOWS\SYSTEM32\dbgcore.DLL
0x00007ffa0a0f0000 - 0x00007ffa0a16f000 	C:\WINDOWS\System32\bcryptPrimitives.dll
0x00007ff9f6960000 - 0x00007ff9f6988000 	C:\Program Files\Java\jdk-11.0.10\bin\java.dll
0x00007ffa04010000 - 0x00007ffa0401a000 	C:\Program Files\Java\jdk-11.0.10\bin\jimage.dll
0x00007ffa05f80000 - 0x00007ffa05f8e000 	C:\Program Files\Java\jdk-11.0.10\bin\instrument.dll
0x00007ff9f6940000 - 0x00007ff9f6956000 	C:\Program Files\Java\jdk-11.0.10\bin\zip.dll
0x00007ffa0a680000 - 0x00007ffa0ae38000 	C:\WINDOWS\System32\SHELL32.dll
0x00007ffa07d50000 - 0x00007ffa085b8000 	C:\WINDOWS\SYSTEM32\windows.storage.dll
0x00007ffa0c050000 - 0x00007ffa0c3c9000 	C:\WINDOWS\System32\combase.dll
0x00007ffa07be0000 - 0x00007ffa07d46000 	C:\WINDOWS\SYSTEM32\wintypes.dll
0x00007ffa0b110000 - 0x00007ffa0b1fa000 	C:\WINDOWS\System32\SHCORE.dll
0x00007ffa0b200000 - 0x00007ffa0b25d000 	C:\WINDOWS\System32\shlwapi.dll
0x00007ffa09b50000 - 0x00007ffa09b71000 	C:\WINDOWS\SYSTEM32\profapi.dll
0x00007ff9f6920000 - 0x00007ff9f6939000 	C:\Program Files\Java\jdk-11.0.10\bin\net.dll
0x00007ffa03b10000 - 0x00007ffa03c1c000 	C:\WINDOWS\SYSTEM32\WINHTTP.dll
0x00007ffa09130000 - 0x00007ffa09197000 	C:\WINDOWS\system32\mswsock.dll
0x00007ff9f6900000 - 0x00007ff9f6912000 	C:\Program Files\Java\jdk-11.0.10\bin\nio.dll
0x00007ffa03f70000 - 0x00007ffa03f8a000 	C:\Program Files\JetBrains\IntelliJ IDEA Community Edition 2021.2.3\bin\breakgen64.dll

dbghelp: loaded successfully - version: 4.0.5 - missing functions: none
symbol engine: initialized successfully - sym options: 0x614 - pdb path: .;C:\Program Files\Java\jdk-11.0.10\bin;C:\WINDOWS\SYSTEM32;C:\Program Files\Avast Software\Avast;C:\WINDOWS\WinSxS\amd64_microsoft.windows.common-controls_6595b64144ccf1df_6.0.22000.120_none_9d947278b86cc467;C:\Program Files\Java\jdk-11.0.10\bin\server;C:\Program Files\JetBrains\IntelliJ IDEA Community Edition 2021.2.3\bin

VM Arguments:
jvm_args: -ea -Didea.test.cyclic.buffer.size=1048576 -javaagent:C:\Program Files\JetBrains\IntelliJ IDEA Community Edition 2021.2.3\lib\idea_rt.jar=57563:C:\Program Files\JetBrains\IntelliJ IDEA Community Edition 2021.2.3\bin -Dfile.encoding=UTF-8 
java_command: com.intellij.rt.junit.JUnitStarter -ideVersion5 -junit5 com.wmm.api.tags.infrastructure.adapters.input.rest.TagInputAdapterTest
java_class_path (initial): C:\Users\LENOVO\.m2\repository\org\junit\platform\junit-platform-launcher\1.8.2\junit-platform-launcher-1.8.2.jar;C:\Users\LENOVO\.m2\repository\org\junit\vintage\junit-vintage-engine\5.8.2\junit-vintage-engine-5.8.2.jar;C:\Program Files\JetBrains\IntelliJ IDEA Community Edition 2021.2.3\lib\idea_rt.jar;C:\Program Files\JetBrains\IntelliJ IDEA Community Edition 2021.2.3\plugins\junit\lib\junit5-rt.jar;C:\Program Files\JetBrains\IntelliJ IDEA Community Edition 2021.2.3\plugins\junit\lib\junit-rt.jar;D:\Mi empresa\where-is-my-money\wmm-back\wmm-api-tags\infrastructure\target\test-classes;D:\Mi empresa\where-is-my-money\wmm-back\wmm-api-tags\infrastructure\target\classes;C:\Users\LENOVO\.m2\repository\org\springframework\boot\spring-boot-starter-data-mongodb\2.7.1\spring-boot-starter-data-mongodb-2.7.1.jar;C:\Users\LENOVO\.m2\repository\org\springframework\boot\spring-boot-starter\2.7.1\spring-boot-starter-2.7.1.jar;C:\Users\LENOVO\.m2\repository\org\springframework\boot\spring-boot\2.7.1\spring-boot-2.7.1.jar;C:\Users\LENOVO\.m2\repository\org\springframework\boot\spring-boot-autoconfigure\2.7.1\spring-boot-autoconfigure-2.7.1.jar;C:\Users\LENOVO\.m2\repository\org\springframework\boot\spring-boot-starter-logging\2.7.1\spring-boot-starter-logging-2.7.1.jar;C:\Users\LENOVO\.m2\repository\ch\qos\logback\logback-classic\1.2.11\logback-classic-1.2.11.jar;C:\Users\LENOVO\.m2\repository\ch\qos\logback\logback-core\1.2.11\logback-core-1.2.11.jar;C:\Users\LENOVO\.m2\repository\org\apache\logging\log4j\log4j-to-slf4j\2.17.2\log4j-to-slf4j-2.17.2.jar;C:\Users\LENOVO\.m2\repository\org\apache\logging\log4j\log4j-api\2.17.2\log4j-api-2.17.2.jar;C:\Users\LENOVO\.m2\repository\org\slf4j\jul-to-slf4j\1.7.36\jul-to-slf4j-1.7.36.jar;C:\Users\LENOVO\.m2\repository\jakarta\annotation\jakarta.annotation-api\1.3.5\jakarta.annotation-api-1.3.5.jar;C:\Users\LENOVO\.m2\repository\org\yaml\snakeyaml\1.30\snakeyaml-1.30.jar;C:\Users\LENOVO\.m2\repository\org\mongod
Launcher Type: SUN_STANDARD

[Global flags]
     intx CICompilerCount                          = 4                                         {product} {ergonomic}
     uint ConcGCThreads                            = 2                                         {product} {ergonomic}
     uint G1ConcRefinementThreads                  = 8                                         {product} {ergonomic}
   size_t G1HeapRegionSize                         = 1048576                                   {product} {ergonomic}
    uintx GCDrainStackTargetSize                   = 64                                        {product} {ergonomic}
   size_t InitialHeapSize                          = 325058560                                 {product} {ergonomic}
   size_t MarkStackSize                            = 4194304                                   {product} {ergonomic}
   size_t MaxHeapSize                              = 5198839808                                {product} {ergonomic}
   size_t MaxNewSize                               = 3118465024                                {product} {ergonomic}
   size_t MinHeapDeltaBytes                        = 1048576                                   {product} {ergonomic}
    uintx NonNMethodCodeHeapSize                   = 5836300                                {pd product} {ergonomic}
    uintx NonProfiledCodeHeapSize                  = 122910970                              {pd product} {ergonomic}
    uintx ProfiledCodeHeapSize                     = 122910970                              {pd product} {ergonomic}
    uintx ReservedCodeCacheSize                    = 251658240                              {pd product} {ergonomic}
     bool SegmentedCodeCache                       = true                                      {product} {ergonomic}
     bool UseCompressedClassPointers               = true                                 {lp64_product} {ergonomic}
     bool UseCompressedOops                        = true                                 {lp64_product} {ergonomic}
     bool UseG1GC                                  = true                                      {product} {ergonomic}
     bool UseLargePagesIndividualAllocation        = false                                  {pd product} {ergonomic}

Logging:
Log output configuration:
 #0: stdout all=warning uptime,level,tags
 #1: stderr all=off uptime,level,tags

Environment Variables:
JAVA_HOME=C:\Program Files\Java\jdk1.8.0_261
CLASSPATH=C:\Program Files\Java\jdk1.8.0_261\jre
PATH=C:\db_home\bin;C:\Program Files (x86)\Microsoft SDKs\Azure\CLI2\wbin;C:\Program Files\Java\jdk1.8.0_261\bin;C:\Program Files (x86)\Common Files\Oracle\Java\javapath;C:\Program Files\Common Files\Oracle\Java\javapath;C:\WINDOWS\system32;C:\WINDOWS;C:\WINDOWS\System32\Wbem;C:\WINDOWS\System32\WindowsPowerShell\v1.0\;C:\WINDOWS\System32\OpenSSH\;C:\Program Files\Java\jdk-11.0.10;C:\maven\apache-maven-3.6.3\bin;%M2_HOME%\bin;C:\xampp\php;C:\sonar-scanner-4.5.0.2216-windows\bin;C:\Program Files\PuTTY\;C:\Program Files\nodejs\;C:\Program Files\Git\cmd;C:\Program Files\Docker\Docker\resources\bin;C:\ProgramData\DockerDesktop\version-bin;C:\Users\LENOVO\.windows-build-tools\python27\;C:\Users\LENOVO\AppData\Roaming\npm\node_modules\windows-build-tools\node_modules\.bin;C:\Users\LENOVO\AppData\Roaming\npm\node_modules\node_modules\.bin;C:\Users\LENOVO\AppData\Roaming\npm\node_modules\.bin;C:\Users\LENOVO\AppData\Roaming\node_modules\.bin;C:\Users\LENOVO\AppData\node_modules\.bin;C:\Users\LENOVO\node_modules\.bin;C:\Users\node_modules\.bin;C:\node_modules\.bin;C:\Users\LENOVO\AppData\Roaming\npm\node_modules\npm\node_modules\@npmcli\run-script\lib\node-gyp-bin;C:\db_home\bin;C:\Program Files (x86)\Microsoft SDKs\Azure\CLI2\wbin;C:\Program Files\Java\jdk1.8.0_261\bin;C:\Program Files (x86)\Common Files\Oracle\Java\javapath;C:\Program Files\Common Files\Oracle\Java\javapath;C:\WINDOWS\system32;C:\WINDOWS;C:\WINDOWS\System32\Wbem;C:\WINDOWS\System32\WindowsPowerShell\v1.0\;C:\WINDOWS\System32\OpenSSH\;C:\Program Files\Java\jdk-11.0.10;C:\maven\apache-maven-3.6.3\bin;%M2_HOME%\bin;C:\xampp\php;C:\ProgramData\ComposerSetup\bin;C:\sonar-scanner-4.5.0.2216-windows\bin;C:\Program Files\PuTTY\;C:\Program Files\nodejs\;C:\Program Files\Git\cmd;C:\Program Files\Docker\Docker\resources\bin;C:\ProgramData\DockerDesktop\version-bin;C:\Users\LENOVO\AppData\Local\Microsoft\WindowsApps;C:\Users\LENOVO\AppData\Local\Programs\Microsoft VS Code\bin;C:\Users\LENOVO\AppData\Roaming\Composer\vend
USERNAME=LENOVO
OS=Windows_NT
PROCESSOR_IDENTIFIER=AMD64 Family 23 Model 96 Stepping 1, AuthenticAMD



---------------  S Y S T E M  ---------------

OS: Windows 10 , 64 bit Build 22000 (10.0.22000.708)
Hyper-V role detected

CPU:total 8 (initial active 8) (8 cores per cpu, 1 threads per core) family 23 model 96 stepping 1 microcode 0x0, cmov, cx8, fxsr, mmx, sse, sse2, sse3, ssse3, sse4.1, sse4.2, popcnt, avx, avx2, aes, clmul, mmxext, 3dnowpref, lzcnt, sse4a, tsc, tscinvbit, tscinv, bmi1, bmi2, adx, sha, 

Memory: 4k page, system-wide physical 19830M (1479M free)
TotalPageFile size 50547M (AvailPageFile size 4M)
current process WorkingSet (physical memory assigned to process): 166M, peak: 166M
current process commit charge ("private bytes"): 440M, peak: 440M

vm_info: Java HotSpot(TM) 64-Bit Server VM (11.0.10+8-LTS-162) for windows-amd64 JRE (11.0.10+8-LTS-162), built on Dec  8 2020 16:32:57 by "mach5one" with MS VC++ 15.9 (VS2017)

END.
